#
# There is insufficient memory for the Java Runtime Environment to continue.
# Native memory allocation (malloc) failed to allocate 32744 bytes for Chunk::new
# Possible reasons:
#   The system is out of physical RAM or swap space
#   The process is running with CompressedOops enabled, and the Java Heap may be blocking the growth of the native heap
# Possible solutions:
#   Reduce memory load on the system
#   Increase physical memory or swap space
#   Check if swap backing store is full
#   Decrease Java heap size (-Xmx/-Xms)
#   Decrease number of Java threads
#   Decrease Java thread stack sizes (-Xss)
#   Set larger code cache with -XX:ReservedCodeCacheSize=
#   JVM is running with Unscaled Compressed Oops mode in which the Java heap is
#     placed in the first 4GB address space. The Java Heap base address is the
#     maximum limit for the native heap growth. Please use -XX:HeapBaseMinAddress
#     to set the Java Heap base and to place the Java Heap above 4GB virtual address.
# This output file may be truncated or incomplete.
#
#  Out of Memory Error (arena.cpp:168), pid=16744, tid=18352
#
# JRE version: Java(TM) SE Runtime Environment (21.0.1+12) (build 21.0.1+12-LTS-29)
# Java VM: Java HotSpot(TM) 64-Bit Server VM (21.0.1+12-LTS-29, mixed mode, sharing, tiered, compressed oops, compressed class ptrs, parallel gc, windows-amd64)
# No core dump will be written. Minidumps are not enabled by default on client versions of Windows
#

---------------  S U M M A R Y ------------

Command Line: --add-modules=ALL-SYSTEM --add-opens=java.base/java.util=ALL-UNNAMED --add-opens=java.base/java.lang=ALL-UNNAMED --add-opens=java.base/sun.nio.fs=ALL-UNNAMED -Declipse.application=org.eclipse.jdt.ls.core.id1 -Dosgi.bundles.defaultStartLevel=4 -Declipse.product=org.eclipse.jdt.ls.core.product -Djava.import.generatesMetadataFilesAtProjectRoot=true -DDetectVMInstallationsJob.disabled=true -Dfile.encoding=utf8 -XX:+UseParallelGC -XX:GCTimeRatio=4 -XX:AdaptiveSizePolicyWeight=90 -Dsun.zip.disableMemoryMapping=true -Xmx1G -Xms100m -Xlog:disable -javaagent:c:\Users\dell\.vscode\extensions\redhat.java-1.28.1-win32-x64\lombok\lombok-1.18.31.jar c:\Users\dell\.vscode\extensions\redhat.java-1.28.1-win32-x64\server\plugins\org.eclipse.equinox.launcher_1.6.700.v20231214-2017.jar -configuration c:\Users\dell\AppData\Roaming\Code\User\globalStorage\redhat.java\1.28.1\config_ss_win -data c:\Users\dell\AppData\Roaming\Code\User\workspaceStorage\e616488c58e24c81e14793c0835c84d8\redhat.java\ss_ws --stdio

Host: Intel(R) Core(TM) i5-6300U CPU @ 2.40GHz, 4 cores, 15G,  Windows 10 , 64 bit Build 19041 (10.0.19041.4842)
Time: Mon Oct  7 22:14:53 2024 India Standard Time elapsed time: 8.695739 seconds (0d 0h 0m 8s)

---------------  T H R E A D  ---------------

Current thread (0x00000213b886d290):  JavaThread "C1 CompilerThread0" daemon [_thread_in_native, id=18352, stack(0x00000050dab00000,0x00000050dac00000) (1024K)]


Current CompileTask:
C1:   8695 2588 %     3       org.lombokweb.asm.ClassReader::<init> @ 110 (371 bytes)

Stack: [0x00000050dab00000,0x00000050dac00000]
Native frames: (J=compiled Java code, j=interpreted, Vv=VM code, C=native code)
V  [jvm.dll+0x6c9029]
V  [jvm.dll+0x854b81]
V  [jvm.dll+0x856e5e]
V  [jvm.dll+0x857543]
V  [jvm.dll+0x280c06]
V  [jvm.dll+0xc3ead]
V  [jvm.dll+0xc43c3]
V  [jvm.dll+0x282860]
V  [jvm.dll+0x154130]
V  [jvm.dll+0x153686]
V  [jvm.dll+0x1553ed]
V  [jvm.dll+0x2586b9]
V  [jvm.dll+0x256c9a]
V  [jvm.dll+0x3ef1b6]
V  [jvm.dll+0x7fd728]
V  [jvm.dll+0x6c777d]
C  [ucrtbase.dll+0x21bb2]
C  [KERNEL32.DLL+0x17374]
C  [ntdll.dll+0x4cc91]


---------------  P R O C E S S  ---------------

Threads class SMR info:
_java_thread_list=0x00000213fa9fdff0, length=21, elements={
0x000002139d03d890, 0x00000213b87efc80, 0x00000213b87f28d0, 0x00000213b87f4e80,
0x00000213b87f5da0, 0x00000213b87f6cc0, 0x00000213b87fab40, 0x00000213b87fb980,
0x00000213b886d290, 0x00000213fa67c070, 0x00000213fa910f80, 0x00000213ff777430,
0x00000213ff7da650, 0x00000213ff7dacc0, 0x00000213ff7c3e30, 0x000002138006e730,
0x00000213ff078e80, 0x00000213ff4f0610, 0x00000213fa89f370, 0x000002138004daf0,
0x00000213b883b090
}

Java Threads: ( => current thread )
  0x000002139d03d890 JavaThread "main"                              [_thread_blocked, id=16396, stack(0x00000050da000000,0x00000050da100000) (1024K)]
  0x00000213b87efc80 JavaThread "Reference Handler"          daemon [_thread_blocked, id=3904, stack(0x00000050da400000,0x00000050da500000) (1024K)]
  0x00000213b87f28d0 JavaThread "Finalizer"                  daemon [_thread_blocked, id=18844, stack(0x00000050da500000,0x00000050da600000) (1024K)]
  0x00000213b87f4e80 JavaThread "Signal Dispatcher"          daemon [_thread_blocked, id=6784, stack(0x00000050da600000,0x00000050da700000) (1024K)]
  0x00000213b87f5da0 JavaThread "Attach Listener"            daemon [_thread_blocked, id=13756, stack(0x00000050da700000,0x00000050da800000) (1024K)]
  0x00000213b87f6cc0 JavaThread "Service Thread"             daemon [_thread_blocked, id=17984, stack(0x00000050da800000,0x00000050da900000) (1024K)]
  0x00000213b87fab40 JavaThread "Monitor Deflation Thread"   daemon [_thread_blocked, id=4832, stack(0x00000050da900000,0x00000050daa00000) (1024K)]
  0x00000213b87fb980 JavaThread "C2 CompilerThread0"         daemon [_thread_in_native, id=18640, stack(0x00000050daa00000,0x00000050dab00000) (1024K)]
=>0x00000213b886d290 JavaThread "C1 CompilerThread0"         daemon [_thread_in_native, id=18352, stack(0x00000050dab00000,0x00000050dac00000) (1024K)]
  0x00000213fa67c070 JavaThread "Common-Cleaner"             daemon [_thread_blocked, id=10456, stack(0x00000050dac00000,0x00000050dad00000) (1024K)]
  0x00000213fa910f80 JavaThread "Notification Thread"        daemon [_thread_blocked, id=9916, stack(0x00000050dad00000,0x00000050dae00000) (1024K)]
  0x00000213ff777430 JavaThread "Active Thread: Equinox Container: 54b60711-e01d-4df5-b636-e06947c2e264"        [_thread_blocked, id=3048, stack(0x00000050db200000,0x00000050db300000) (1024K)]
  0x00000213ff7da650 JavaThread "Framework Event Dispatcher: Equinox Container: 54b60711-e01d-4df5-b636-e06947c2e264" daemon [_thread_blocked, id=6424, stack(0x00000050db100000,0x00000050db200000) (1024K)]
  0x00000213ff7dacc0 JavaThread "Start Level: Equinox Container: 54b60711-e01d-4df5-b636-e06947c2e264" daemon [_thread_in_vm, id=10536, stack(0x00000050db300000,0x00000050db400000) (1024K)]
  0x00000213ff7c3e30 JavaThread "SCR Component Actor"        daemon [_thread_blocked, id=248, stack(0x00000050db400000,0x00000050db500000) (1024K)]
  0x000002138006e730 JavaThread "SCR Component Registry"     daemon [_thread_blocked, id=7372, stack(0x00000050db500000,0x00000050db600000) (1024K)]
  0x00000213ff078e80 JavaThread "Worker-JM"                         [_thread_blocked, id=7188, stack(0x00000050db600000,0x00000050db700000) (1024K)]
  0x00000213ff4f0610 JavaThread "Worker-0"                          [_thread_blocked, id=15424, stack(0x00000050db700000,0x00000050db800000) (1024K)]
  0x00000213fa89f370 JavaThread "Worker-1"                          [_thread_blocked, id=17136, stack(0x00000050db800000,0x00000050db900000) (1024K)]
  0x000002138004daf0 JavaThread "Worker-2"                          [_thread_blocked, id=15936, stack(0x00000050db900000,0x00000050dba00000) (1024K)]
  0x00000213b883b090 JavaThread "C2 CompilerThread1"         daemon [_thread_in_native, id=3844, stack(0x00000050dba00000,0x00000050dbb00000) (1024K)]
Total: 21

Other Threads:
  0x00000213b87de940 VMThread "VM Thread"                           [id=13796, stack(0x00000050da300000,0x00000050da400000) (1024K)]
  0x00000213b877bb20 WatcherThread "VM Periodic Task Thread"        [id=18204, stack(0x00000050da200000,0x00000050da300000) (1024K)]
  0x000002139f27a080 WorkerThread "GC Thread#0"                     [id=15576, stack(0x00000050da100000,0x00000050da200000) (1024K)]
  0x00000213ff288ca0 WorkerThread "GC Thread#1"                     [id=9112, stack(0x00000050dae00000,0x00000050daf00000) (1024K)]
  0x00000213ff013ce0 WorkerThread "GC Thread#2"                     [id=17220, stack(0x00000050daf00000,0x00000050db000000) (1024K)]
  0x00000213ff014080 WorkerThread "GC Thread#3"                     [id=11992, stack(0x00000050db000000,0x00000050db100000) (1024K)]
Total: 6

Threads with active compile tasks:
C2 CompilerThread0     8773 2565       4       org.lombokweb.asm.ClassReader::readMethod (1066 bytes)
C1 CompilerThread0     8773 2588 %     3       org.lombokweb.asm.ClassReader::<init> @ 110 (371 bytes)
C2 CompilerThread1     8773 2586       4       org.lombokweb.asm.MethodWriter::computeMethodInfoSize (571 bytes)
Total: 3

VM state: not at safepoint (normal execution)

VM Mutex/Monitor currently owned by a thread:  ([mutex/lock_event])
[0x00007ff910e48578] Metaspace_lock - owner thread: 0x00000213ff7dacc0

Heap address: 0x00000000c0000000, size: 1024 MB, Compressed Oops mode: 32-bit

CDS archive(s) mapped at: [0x00000213b9000000-0x00000213b9c90000-0x00000213b9c90000), size 13172736, SharedBaseAddress: 0x00000213b9000000, ArchiveRelocationMode: 1.
Compressed class space mapped at: 0x00000213ba000000-0x00000213fa000000, reserved size: 1073741824
Narrow klass base: 0x00000213b9000000, Narrow klass shift: 0, Narrow klass range: 0x100000000

GC Precious Log:
 CardTable entry size: 512
 CPUs: 4 total, 4 available
 Memory: 16275M
 Large Page Support: Disabled
 NUMA Support: Disabled
 Compressed Oops: Enabled (32-bit)
 Alignments: Space 512K, Generation 512K, Heap 2M
 Heap Min Capacity: 100M
 Heap Initial Capacity: 100M
 Heap Max Capacity: 1G
 Pre-touch: Disabled
 Parallel Workers: 4

Heap:
 PSYoungGen      total 29696K, used 16724K [0x00000000eab00000, 0x00000000ecc00000, 0x0000000100000000)
  eden space 25600K, 49% used [0x00000000eab00000,0x00000000eb758df8,0x00000000ec400000)
  from space 4096K, 99% used [0x00000000ec800000,0x00000000ecbfc540,0x00000000ecc00000)
  to   space 4096K, 0% used [0x00000000ec400000,0x00000000ec400000,0x00000000ec800000)
 ParOldGen       total 68608K, used 5495K [0x00000000c0000000, 0x00000000c4300000, 0x00000000eab00000)
  object space 68608K, 8% used [0x00000000c0000000,0x00000000c055dc78,0x00000000c4300000)
 Metaspace       used 18906K, committed 19456K, reserved 1114112K
  class space    used 1772K, committed 1984K, reserved 1048576K

Card table byte_map: [0x000002139ebf0000,0x000002139ee00000] _byte_map_base: 0x000002139e5f0000

Marking Bits: (ParMarkBitMap*) 0x00007ff910e4f550
 Begin Bits: [0x00000213b66a0000, 0x00000213b76a0000)
 End Bits:   [0x00000213b76a0000, 0x00000213b86a0000)

Polling page: 0x000002139d1e0000

Metaspace:

Usage:
  Non-class:     16.73 MB used.
      Class:      1.73 MB used.
       Both:     18.46 MB used.

Virtual space:
  Non-class space:       64.00 MB reserved,      17.06 MB ( 27%) committed,  1 nodes.
      Class space:        1.00 GB reserved,       1.94 MB ( <1%) committed,  1 nodes.
             Both:        1.06 GB reserved,      19.00 MB (  2%) committed. 

Chunk freelists:
   Non-Class:  14.21 MB
       Class:  14.00 MB
        Both:  28.21 MB

MaxMetaspaceSize: unlimited
CompressedClassSpaceSize: 1.00 GB
Initial GC threshold: 21.00 MB
Current GC threshold: 21.00 MB
CDS: on
 - commit_granule_bytes: 65536.
 - commit_granule_words: 8192.
 - virtual_space_node_default_size: 8388608.
 - enlarge_chunks_in_place: 1.
 - use_allocation_guard: 0.


Internal statistics:

num_allocs_failed_limit: 0.
num_arena_births: 460.
num_arena_deaths: 0.
num_vsnodes_births: 2.
num_vsnodes_deaths: 0.
num_space_committed: 304.
num_space_uncommitted: 0.
num_chunks_returned_to_freelist: 0.
num_chunks_taken_from_freelist: 1136.
num_chunk_merges: 0.
num_chunk_splits: 756.
num_chunks_enlarged: 487.
num_inconsistent_stats: 0.

CodeHeap 'non-profiled nmethods': size=120000Kb used=1058Kb max_used=1058Kb free=118941Kb
 bounds [0x00000213af170000, 0x00000213af3e0000, 0x00000213b66a0000]
CodeHeap 'profiled nmethods': size=120000Kb used=5016Kb max_used=5016Kb free=114983Kb
 bounds [0x00000213a76a0000, 0x00000213a7b90000, 0x00000213aebd0000]
CodeHeap 'non-nmethods': size=5760Kb used=1280Kb max_used=1294Kb free=4479Kb
 bounds [0x00000213aebd0000, 0x00000213aee40000, 0x00000213af170000]
 total_blobs=3142 nmethods=2584 adapters=464
 compilation: enabled
              stopped_count=0, restarted_count=0
 full_count=0

Compilation events (20 events):
Event: 8.613 Thread 0x00000213b886d290 2578       3       org.lombokweb.asm.ClassReader::readVerificationTypeInfo (184 bytes)
Event: 8.615 Thread 0x00000213b886d290 nmethod 2578 0x00000213a7b80d90 code [0x00000213a7b81100, 0x00000213a7b82ae8]
Event: 8.615 Thread 0x00000213b886d290 2577       3       org.lombokweb.asm.MethodWriter::visitMethodInsn (191 bytes)
Event: 8.616 Thread 0x00000213b886d290 nmethod 2577 0x00000213a7b83310 code [0x00000213a7b83560, 0x00000213a7b83d80]
Event: 8.616 Thread 0x00000213b886d290 2579       3       org.lombokweb.asm.MethodWriter::putFrameType (83 bytes)
Event: 8.616 Thread 0x00000213b883b090 2580       4       org.lombokweb.asm.MethodWriter::canCopyMethodAttributes (163 bytes)
Event: 8.617 Thread 0x00000213b886d290 nmethod 2579 0x00000213a7b84090 code [0x00000213a7b84300, 0x00000213a7b84c58]
Event: 8.630 Thread 0x00000213b883b090 nmethod 2580 0x00000213af277d90 code [0x00000213af277f40, 0x00000213af2782b8]
Event: 8.641 Thread 0x00000213b886d290 2581       3       java.util.concurrent.Semaphore$Sync::nonfairTryAcquireShared (27 bytes)
Event: 8.641 Thread 0x00000213b886d290 nmethod 2581 0x00000213a7b84f10 code [0x00000213a7b850c0, 0x00000213a7b85328]
Event: 8.662 Thread 0x00000213b883b090 2582   !   4       java.lang.ref.ReferenceQueue::poll (40 bytes)
Event: 8.663 Thread 0x00000213b883b090 nmethod 2582 0x00000213af278590 code [0x00000213af278720, 0x00000213af2787d8]
Event: 8.688 Thread 0x00000213b886d290 2583       3       org.lombokweb.asm.SymbolTable::addConstantIntegerOrFloat (100 bytes)
Event: 8.689 Thread 0x00000213b886d290 nmethod 2583 0x00000213a7b85410 code [0x00000213a7b85620, 0x00000213a7b85ba8]
Event: 8.689 Thread 0x00000213b886d290 2584       3       lombok.patcher.scripts.AddFieldScript$1::visitField (35 bytes)
Event: 8.689 Thread 0x00000213b883b090 2585       4       org.lombokweb.asm.MethodVisitor::<init> (94 bytes)
Event: 8.690 Thread 0x00000213b886d290 nmethod 2584 0x00000213a7b85e10 code [0x00000213a7b85fe0, 0x00000213a7b86260]
Event: 8.690 Thread 0x00000213b883b090 nmethod 2585 0x00000213af278890 code [0x00000213af278a20, 0x00000213af278af8]
Event: 8.690 Thread 0x00000213b883b090 2586       4       org.lombokweb.asm.MethodWriter::computeMethodInfoSize (571 bytes)
Event: 8.692 Thread 0x00000213b886d290 2588 %     3       org.lombokweb.asm.ClassReader::<init> @ 110 (371 bytes)

GC Heap History (8 events):
Event: 4.067 GC heap before
{Heap before GC invocations=1 (full 0):
 PSYoungGen      total 29696K, used 25600K [0x00000000eab00000, 0x00000000ecc00000, 0x0000000100000000)
  eden space 25600K, 100% used [0x00000000eab00000,0x00000000ec400000,0x00000000ec400000)
  from space 4096K, 0% used [0x00000000ec800000,0x00000000ec800000,0x00000000ecc00000)
  to   space 4096K, 0% used [0x00000000ec400000,0x00000000ec400000,0x00000000ec800000)
 ParOldGen       total 68608K, used 0K [0x00000000c0000000, 0x00000000c4300000, 0x00000000eab00000)
  object space 68608K, 0% used [0x00000000c0000000,0x00000000c0000000,0x00000000c4300000)
 Metaspace       used 4525K, committed 4736K, reserved 1114112K
  class space    used 437K, committed 512K, reserved 1048576K
}
Event: 4.107 GC heap after
{Heap after GC invocations=1 (full 0):
 PSYoungGen      total 29696K, used 3253K [0x00000000eab00000, 0x00000000ecc00000, 0x0000000100000000)
  eden space 25600K, 0% used [0x00000000eab00000,0x00000000eab00000,0x00000000ec400000)
  from space 4096K, 79% used [0x00000000ec400000,0x00000000ec72d698,0x00000000ec800000)
  to   space 4096K, 0% used [0x00000000ec800000,0x00000000ec800000,0x00000000ecc00000)
 ParOldGen       total 68608K, used 0K [0x00000000c0000000, 0x00000000c4300000, 0x00000000eab00000)
  object space 68608K, 0% used [0x00000000c0000000,0x00000000c0000000,0x00000000c4300000)
 Metaspace       used 4525K, committed 4736K, reserved 1114112K
  class space    used 437K, committed 512K, reserved 1048576K
}
Event: 5.906 GC heap before
{Heap before GC invocations=2 (full 0):
 PSYoungGen      total 29696K, used 28853K [0x00000000eab00000, 0x00000000ecc00000, 0x0000000100000000)
  eden space 25600K, 100% used [0x00000000eab00000,0x00000000ec400000,0x00000000ec400000)
  from space 4096K, 79% used [0x00000000ec400000,0x00000000ec72d698,0x00000000ec800000)
  to   space 4096K, 0% used [0x00000000ec800000,0x00000000ec800000,0x00000000ecc00000)
 ParOldGen       total 68608K, used 0K [0x00000000c0000000, 0x00000000c4300000, 0x00000000eab00000)
  object space 68608K, 0% used [0x00000000c0000000,0x00000000c0000000,0x00000000c4300000)
 Metaspace       used 8657K, committed 8896K, reserved 1114112K
  class space    used 847K, committed 960K, reserved 1048576K
}
Event: 5.913 GC heap after
{Heap after GC invocations=2 (full 0):
 PSYoungGen      total 29696K, used 4067K [0x00000000eab00000, 0x00000000ecc00000, 0x0000000100000000)
  eden space 25600K, 0% used [0x00000000eab00000,0x00000000eab00000,0x00000000ec400000)
  from space 4096K, 99% used [0x00000000ec800000,0x00000000ecbf8df0,0x00000000ecc00000)
  to   space 4096K, 0% used [0x00000000ec400000,0x00000000ec400000,0x00000000ec800000)
 ParOldGen       total 68608K, used 853K [0x00000000c0000000, 0x00000000c4300000, 0x00000000eab00000)
  object space 68608K, 1% used [0x00000000c0000000,0x00000000c00d5698,0x00000000c4300000)
 Metaspace       used 8657K, committed 8896K, reserved 1114112K
  class space    used 847K, committed 960K, reserved 1048576K
}
Event: 7.680 GC heap before
{Heap before GC invocations=3 (full 0):
 PSYoungGen      total 29696K, used 29621K [0x00000000eab00000, 0x00000000ecc00000, 0x0000000100000000)
  eden space 25600K, 99% used [0x00000000eab00000,0x00000000ec3f48d0,0x00000000ec400000)
  from space 4096K, 99% used [0x00000000ec800000,0x00000000ecbf8df0,0x00000000ecc00000)
  to   space 4096K, 0% used [0x00000000ec400000,0x00000000ec400000,0x00000000ec800000)
 ParOldGen       total 68608K, used 853K [0x00000000c0000000, 0x00000000c4300000, 0x00000000eab00000)
  object space 68608K, 1% used [0x00000000c0000000,0x00000000c00d5698,0x00000000c4300000)
 Metaspace       used 13671K, committed 14144K, reserved 1114112K
  class space    used 1352K, committed 1536K, reserved 1048576K
}
Event: 7.688 GC heap after
{Heap after GC invocations=3 (full 0):
 PSYoungGen      total 29696K, used 4069K [0x00000000eab00000, 0x00000000ecc00000, 0x0000000100000000)
  eden space 25600K, 0% used [0x00000000eab00000,0x00000000eab00000,0x00000000ec400000)
  from space 4096K, 99% used [0x00000000ec400000,0x00000000ec7f97c0,0x00000000ec800000)
  to   space 4096K, 0% used [0x00000000ec800000,0x00000000ec800000,0x00000000ecc00000)
 ParOldGen       total 68608K, used 2729K [0x00000000c0000000, 0x00000000c4300000, 0x00000000eab00000)
  object space 68608K, 3% used [0x00000000c0000000,0x00000000c02aa718,0x00000000c4300000)
 Metaspace       used 13671K, committed 14144K, reserved 1114112K
  class space    used 1352K, committed 1536K, reserved 1048576K
}
Event: 8.381 GC heap before
{Heap before GC invocations=4 (full 0):
 PSYoungGen      total 29696K, used 29669K [0x00000000eab00000, 0x00000000ecc00000, 0x0000000100000000)
  eden space 25600K, 100% used [0x00000000eab00000,0x00000000ec400000,0x00000000ec400000)
  from space 4096K, 99% used [0x00000000ec400000,0x00000000ec7f97c0,0x00000000ec800000)
  to   space 4096K, 0% used [0x00000000ec800000,0x00000000ec800000,0x00000000ecc00000)
 ParOldGen       total 68608K, used 2729K [0x00000000c0000000, 0x00000000c4300000, 0x00000000eab00000)
  object space 68608K, 3% used [0x00000000c0000000,0x00000000c02aa718,0x00000000c4300000)
 Metaspace       used 16161K, committed 16768K, reserved 1114112K
  class space    used 1586K, committed 1856K, reserved 1048576K
}
Event: 8.388 GC heap after
{Heap after GC invocations=4 (full 0):
 PSYoungGen      total 29696K, used 4081K [0x00000000eab00000, 0x00000000ecc00000, 0x0000000100000000)
  eden space 25600K, 0% used [0x00000000eab00000,0x00000000eab00000,0x00000000ec400000)
  from space 4096K, 99% used [0x00000000ec800000,0x00000000ecbfc540,0x00000000ecc00000)
  to   space 4096K, 0% used [0x00000000ec400000,0x00000000ec400000,0x00000000ec800000)
 ParOldGen       total 68608K, used 5495K [0x00000000c0000000, 0x00000000c4300000, 0x00000000eab00000)
  object space 68608K, 8% used [0x00000000c0000000,0x00000000c055dc78,0x00000000c4300000)
 Metaspace       used 16161K, committed 16768K, reserved 1114112K
  class space    used 1586K, committed 1856K, reserved 1048576K
}

Dll operation events (10 events):
Event: 0.064 Loaded shared library C:\Program Files\Java\jdk-21\bin\java.dll
Event: 0.343 Loaded shared library C:\Program Files\Java\jdk-21\bin\jsvml.dll
Event: 0.635 Loaded shared library C:\Program Files\Java\jdk-21\bin\zip.dll
Event: 0.649 Loaded shared library C:\Program Files\Java\jdk-21\bin\instrument.dll
Event: 0.659 Loaded shared library C:\Program Files\Java\jdk-21\bin\net.dll
Event: 0.668 Loaded shared library C:\Program Files\Java\jdk-21\bin\nio.dll
Event: 0.676 Loaded shared library C:\Program Files\Java\jdk-21\bin\zip.dll
Event: 0.730 Loaded shared library C:\Program Files\Java\jdk-21\bin\jimage.dll
Event: 1.015 Loaded shared library C:\Program Files\Java\jdk-21\bin\verify.dll
Event: 5.628 Loaded shared library C:\Users\dell\AppData\Roaming\Code\User\globalStorage\redhat.java\1.28.1\config_ss_win\org.eclipse.equinox.launcher\org.eclipse.equinox.launcher.win32.win32.x86_64_1.2.900.v20240129-1338\eclipse_11900.dll

Deoptimization events (20 events):
Event: 7.883 Thread 0x00000213ff7dacc0 Uncommon trap: trap_request=0xffffffcc fr.pc=0x00000213af260e44 relative=0x0000000000000384
Event: 7.883 Thread 0x00000213ff7dacc0 Uncommon trap: reason=intrinsic_or_type_checked_inlining action=make_not_entrant pc=0x00000213af260e44 method=java.util.Arrays.copyOf([Ljava/lang/Object;ILjava/lang/Class;)[Ljava/lang/Object; @ 35 c2
Event: 7.884 Thread 0x00000213ff7dacc0 DEOPT PACKING pc=0x00000213af260e44 sp=0x00000050db3f7270
Event: 7.884 Thread 0x00000213ff7dacc0 DEOPT UNPACKING pc=0x00000213aec23aa2 sp=0x00000050db3f7200 mode 2
Event: 7.909 Thread 0x00000213ff7dacc0 Uncommon trap: trap_request=0xffffff45 fr.pc=0x00000213af21f074 relative=0x0000000000000054
Event: 7.909 Thread 0x00000213ff7dacc0 Uncommon trap: reason=unstable_if action=reinterpret pc=0x00000213af21f074 method=sun.nio.fs.WindowsPathParser.isSlash(C)Z @ 9 c2
Event: 7.909 Thread 0x00000213ff7dacc0 DEOPT PACKING pc=0x00000213af21f074 sp=0x00000050db3f8f40
Event: 7.909 Thread 0x00000213ff7dacc0 DEOPT UNPACKING pc=0x00000213aec23aa2 sp=0x00000050db3f8ec8 mode 2
Event: 7.962 Thread 0x00000213ff7dacc0 Uncommon trap: trap_request=0xffffff45 fr.pc=0x00000213af2589b0 relative=0x00000000000002f0
Event: 7.962 Thread 0x00000213ff7dacc0 Uncommon trap: reason=unstable_if action=reinterpret pc=0x00000213af2589b0 method=java.net.URI$Parser.scan(IIJJ)I @ 42 c2
Event: 7.962 Thread 0x00000213ff7dacc0 DEOPT PACKING pc=0x00000213af2589b0 sp=0x00000050db3f8a60
Event: 7.962 Thread 0x00000213ff7dacc0 DEOPT UNPACKING pc=0x00000213aec23aa2 sp=0x00000050db3f89d0 mode 2
Event: 7.963 Thread 0x00000213ff7dacc0 Uncommon trap: trap_request=0xffffff45 fr.pc=0x00000213af23648c relative=0x00000000000009cc
Event: 7.963 Thread 0x00000213ff7dacc0 Uncommon trap: reason=unstable_if action=reinterpret pc=0x00000213af23648c method=java.io.BufferedInputStream.implRead([BII)I @ 55 c2
Event: 7.963 Thread 0x00000213ff7dacc0 DEOPT PACKING pc=0x00000213af23648c sp=0x00000050db3f8e70
Event: 7.963 Thread 0x00000213ff7dacc0 DEOPT UNPACKING pc=0x00000213aec23aa2 sp=0x00000050db3f8dc8 mode 2
Event: 7.991 Thread 0x00000213ff7dacc0 Uncommon trap: trap_request=0xffffff45 fr.pc=0x00000213af1eb6a8 relative=0x00000000000005e8
Event: 7.991 Thread 0x00000213ff7dacc0 Uncommon trap: reason=unstable_if action=reinterpret pc=0x00000213af1eb6a8 method=java.io.BufferedInputStream.implRead([BII)I @ 55 c2
Event: 7.991 Thread 0x00000213ff7dacc0 DEOPT PACKING pc=0x00000213af1eb6a8 sp=0x00000050db3f8df0
Event: 7.991 Thread 0x00000213ff7dacc0 DEOPT UNPACKING pc=0x00000213aec23aa2 sp=0x00000050db3f8dc8 mode 2

Classes loaded (20 events):
Event: 8.246 Loading class java/util/zip/GZIPOutputStream
Event: 8.246 Loading class java/util/zip/GZIPOutputStream done
Event: 8.248 Loading class java/util/zip/GZIPInputStream
Event: 8.248 Loading class java/util/zip/GZIPInputStream done
Event: 8.262 Loading class java/net/SocketTimeoutException
Event: 8.262 Loading class java/io/InterruptedIOException
Event: 8.262 Loading class java/io/InterruptedIOException done
Event: 8.263 Loading class java/net/SocketTimeoutException done
Event: 8.263 Loading class java/net/SocketException
Event: 8.263 Loading class java/net/SocketException done
Event: 8.263 Loading class java/net/UnknownHostException
Event: 8.263 Loading class java/net/UnknownHostException done
Event: 8.263 Loading class java/net/ProtocolException
Event: 8.263 Loading class java/net/ProtocolException done
Event: 8.296 Loading class java/lang/ThreadLocal$SuppliedThreadLocal
Event: 8.296 Loading class java/lang/ThreadLocal$SuppliedThreadLocal done
Event: 8.400 Loading class java/io/FileWriter
Event: 8.400 Loading class java/io/FileWriter done
Event: 8.409 Loading class java/lang/NegativeArraySizeException
Event: 8.409 Loading class java/lang/NegativeArraySizeException done

Classes unloaded (0 events):
No events

Classes redefined (0 events):
No events

Internal exceptions (20 events):
Event: 6.984 Thread 0x00000213ff7dacc0 Exception <a 'java/lang/NoSuchMethodError'{0x00000000ebb53e08}: 'void java.lang.invoke.DirectMethodHandle$Holder.invokeInterface(java.lang.Object, java.lang.Object, java.lang.Object)'> (0x00000000ebb53e08) 
thrown [s\open\src\hotspot\share\interpreter\linkResolver.cpp, line 773]
Event: 7.098 Thread 0x00000213ff7dacc0 Exception <a 'java/lang/NoSuchMethodError'{0x00000000ebd09f88}: 'void java.lang.invoke.Invokers$Holder.invokeExact_MT(java.lang.Object, java.lang.Object, java.lang.Object)'> (0x00000000ebd09f88) 
thrown [s\open\src\hotspot\share\interpreter\linkResolver.cpp, line 773]
Event: 7.300 Thread 0x00000213ff7dacc0 Exception <a 'java/lang/NoSuchMethodError'{0x00000000ebfacf58}: 'java.lang.Object java.lang.invoke.DirectMethodHandle$Holder.invokeVirtual(java.lang.Object, java.lang.Object, java.lang.Object)'> (0x00000000ebfacf58) 
thrown [s\open\src\hotspot\share\interpreter\linkResolver.cpp, line 773]
Event: 7.305 Thread 0x00000213ff7dacc0 Exception <a 'java/lang/NoSuchMethodError'{0x00000000ebfc4df8}: 'java.lang.Object java.lang.invoke.DelegatingMethodHandle$Holder.reinvoke_L(java.lang.Object, java.lang.Object, java.lang.Object, java.lang.Object, int, int)'> (0x00000000ebfc4df8) 
thrown [s\open\src\hotspot\share\interpreter\linkResolver.cpp, line 773]
Event: 7.344 Thread 0x00000213ff7dacc0 Exception <a 'java/lang/NoSuchMethodError'{0x00000000ebfe13e8}: 'java.lang.Object java.lang.invoke.DirectMethodHandle$Holder.newInvokeSpecial(java.lang.Object, java.lang.Object, java.lang.Object, java.lang.Object, java.lang.Object, java.lang.Object)'> (0x00000000ebfe13e8) 
thrown [s\open\src\hotspot\share\interpreter\linkResolver.cpp, line 773]
Event: 7.353 Thread 0x00000213ff7dacc0 Exception <a 'java/lang/NoSuchMethodError'{0x00000000ebffcb70}: 'void java.lang.invoke.Invokers$Holder.invokeExact_MT(java.lang.Object, java.lang.Object, java.lang.Object, java.lang.Object)'> (0x00000000ebffcb70) 
thrown [s\open\src\hotspot\share\interpreter\linkResolver.cpp, line 773]
Event: 7.621 Thread 0x00000213ff7dacc0 Exception <a 'java/io/FileNotFoundException'{0x00000000ec26c3d0}> (0x00000000ec26c3d0) 
thrown [s\open\src\hotspot\share\prims\jni.cpp, line 520]
Event: 7.630 Thread 0x00000213ff7dacc0 Exception <a 'java/io/FileNotFoundException'{0x00000000ec272fd8}> (0x00000000ec272fd8) 
thrown [s\open\src\hotspot\share\prims\jni.cpp, line 520]
Event: 7.817 Thread 0x00000213ff7dacc0 Exception <a 'java/lang/NoSuchMethodError'{0x00000000ead40738}: 'java.lang.Object java.lang.invoke.DirectMethodHandle$Holder.newInvokeSpecial(java.lang.Object, java.lang.Object, java.lang.Object, java.lang.Object, java.lang.Object)'> (0x00000000ead40738) 
thrown [s\open\src\hotspot\share\interpreter\linkResolver.cpp, line 773]
Event: 8.018 Thread 0x00000213ff7dacc0 Exception <a 'java/lang/NoSuchMethodError'{0x00000000eb087288}: 'java.lang.Object java.lang.invoke.DirectMethodHandle$Holder.invokeSpecial(java.lang.Object, java.lang.Object, java.lang.Object, long, java.lang.Object)'> (0x00000000eb087288) 
thrown [s\open\src\hotspot\share\interpreter\linkResolver.cpp, line 773]
Event: 8.019 Thread 0x00000213ff7dacc0 Exception <a 'java/lang/NoSuchMethodError'{0x00000000eb08e878}: 'java.lang.Object java.lang.invoke.DirectMethodHandle$Holder.newInvokeSpecial(java.lang.Object, java.lang.Object, java.lang.Object, long)'> (0x00000000eb08e878) 
thrown [s\open\src\hotspot\share\interpreter\linkResolver.cpp, line 773]
Event: 8.020 Thread 0x00000213ff7dacc0 Exception <a 'java/lang/NoSuchMethodError'{0x00000000eb092678}: 'java.lang.Object java.lang.invoke.Invokers$Holder.linkToTargetMethod(java.lang.Object, java.lang.Object, long, java.lang.Object)'> (0x00000000eb092678) 
thrown [s\open\src\hotspot\share\interpreter\linkResolver.cpp, line 773]
Event: 8.037 Thread 0x00000213ff7dacc0 Exception <a 'java/lang/NoSuchMethodError'{0x00000000eb0f25b0}: 'int java.lang.invoke.DirectMethodHandle$Holder.invokeStaticInit(java.lang.Object, java.lang.Object, java.lang.Object)'> (0x00000000eb0f25b0) 
thrown [s\open\src\hotspot\share\interpreter\linkResolver.cpp, line 773]
Event: 8.050 Thread 0x00000213ff7dacc0 Exception <a 'java/lang/IncompatibleClassChangeError'{0x00000000eb172ca0}: Found class java.lang.Object, but interface was expected> (0x00000000eb172ca0) 
thrown [s\open\src\hotspot\share\interpreter\linkResolver.cpp, line 840]
Event: 8.067 Thread 0x00000213ff7dacc0 Exception <a 'java/lang/NoSuchMethodError'{0x00000000eb191c58}: 'java.lang.Object java.lang.invoke.DirectMethodHandle$Holder.invokeSpecial(java.lang.Object, java.lang.Object, java.lang.Object, int, java.lang.Object, java.lang.Object)'> (0x00000000eb191c58) 
thrown [s\open\src\hotspot\share\interpreter\linkResolver.cpp, line 773]
Event: 8.068 Thread 0x00000213ff7dacc0 Exception <a 'java/lang/NoSuchMethodError'{0x00000000eb1993e0}: 'java.lang.Object java.lang.invoke.DirectMethodHandle$Holder.newInvokeSpecial(java.lang.Object, java.lang.Object, java.lang.Object, int, java.lang.Object)'> (0x00000000eb1993e0) 
thrown [s\open\src\hotspot\share\interpreter\linkResolver.cpp, line 773]
Event: 8.069 Thread 0x00000213ff7dacc0 Exception <a 'java/lang/NoSuchMethodError'{0x00000000eb19ce70}: 'java.lang.Object java.lang.invoke.Invokers$Holder.linkToTargetMethod(java.lang.Object, java.lang.Object, int, java.lang.Object, java.lang.Object)'> (0x00000000eb19ce70) 
thrown [s\open\src\hotspot\share\interpreter\linkResolver.cpp, line 773]
Event: 8.070 Thread 0x00000213ff4f0610 Exception <a 'java/lang/NoSuchMethodError'{0x00000000eb11f978}: 'java.lang.Object java.lang.invoke.DirectMethodHandle$Holder.invokeSpecial(java.lang.Object, java.lang.Object, int, java.lang.Object, java.lang.Object)'> (0x00000000eb11f978) 
thrown [s\open\src\hotspot\share\interpreter\linkResolver.cpp, line 773]
Event: 8.070 Thread 0x00000213ff4f0610 Exception <a 'java/lang/NoSuchMethodError'{0x00000000eb126520}: 'java.lang.Object java.lang.invoke.DirectMethodHandle$Holder.newInvokeSpecial(java.lang.Object, java.lang.Object, int, java.lang.Object)'> (0x00000000eb126520) 
thrown [s\open\src\hotspot\share\interpreter\linkResolver.cpp, line 773]
Event: 8.103 Thread 0x00000213ff7dacc0 Exception <a 'java/lang/NoSuchMethodError'{0x00000000eb2bbe20}: 'void java.lang.invoke.DirectMethodHandle$Holder.invokeSpecial(java.lang.Object, java.lang.Object, java.lang.Object, java.lang.Object, java.lang.Object)'> (0x00000000eb2bbe20) 
thrown [s\open\src\hotspot\share\interpreter\linkResolver.cpp, line 773]

ZGC Phase Switch (0 events):
No events

VM Operations (20 events):
Event: 5.108 Executing VM operation: Cleanup
Event: 5.108 Executing VM operation: Cleanup done
Event: 5.119 Executing VM operation: HandshakeAllThreads (Deoptimize)
Event: 5.119 Executing VM operation: HandshakeAllThreads (Deoptimize) done
Event: 5.161 Executing VM operation: HandshakeAllThreads (Deoptimize)
Event: 5.161 Executing VM operation: HandshakeAllThreads (Deoptimize) done
Event: 5.815 Executing VM operation: HandshakeAllThreads (Deoptimize)
Event: 5.815 Executing VM operation: HandshakeAllThreads (Deoptimize) done
Event: 5.906 Executing VM operation: ParallelGCFailedAllocation (Allocation Failure)
Event: 5.913 Executing VM operation: ParallelGCFailedAllocation (Allocation Failure) done
Event: 6.119 Executing VM operation: HandshakeAllThreads (Deoptimize)
Event: 6.119 Executing VM operation: HandshakeAllThreads (Deoptimize) done
Event: 6.918 Executing VM operation: HandshakeAllThreads (Deoptimize)
Event: 6.918 Executing VM operation: HandshakeAllThreads (Deoptimize) done
Event: 6.918 Executing VM operation: Cleanup
Event: 6.918 Executing VM operation: Cleanup done
Event: 7.680 Executing VM operation: ParallelGCFailedAllocation (Allocation Failure)
Event: 7.688 Executing VM operation: ParallelGCFailedAllocation (Allocation Failure) done
Event: 8.381 Executing VM operation: ParallelGCFailedAllocation (Allocation Failure)
Event: 8.388 Executing VM operation: ParallelGCFailedAllocation (Allocation Failure) done

Events (20 events):
Event: 2.937 Thread 0x00000213ff1b3850 Thread added: 0x00000213ff1b3850
Event: 3.105 Thread 0x00000213ff1b3850 Thread exited: 0x00000213ff1b3850
Event: 3.483 Thread 0x00000213ff700fe0 Thread added: 0x00000213ff700fe0
Event: 3.668 Thread 0x00000213ff700fe0 Thread exited: 0x00000213ff700fe0
Event: 4.573 Thread 0x00000213ff49f590 Thread added: 0x00000213ff49f590
Event: 5.083 Thread 0x00000213ff777430 Thread added: 0x00000213ff777430
Event: 5.425 Thread 0x00000213ff49f590 Thread exited: 0x00000213ff49f590
Event: 5.602 Thread 0x00000213ff7da650 Thread added: 0x00000213ff7da650
Event: 5.616 Thread 0x00000213ff7dacc0 Thread added: 0x00000213ff7dacc0
Event: 5.719 Thread 0x00000213ff7c3e30 Thread added: 0x00000213ff7c3e30
Event: 6.085 Thread 0x000002138006e730 Thread added: 0x000002138006e730
Event: 6.388 Thread 0x00000213ff5be6b0 Thread added: 0x00000213ff5be6b0
Event: 6.747 Thread 0x00000213ff5be6b0 Thread exited: 0x00000213ff5be6b0
Event: 7.015 Thread 0x00000213ff078e80 Thread added: 0x00000213ff078e80
Event: 7.814 Thread 0x00000213ff4f0610 Thread added: 0x00000213ff4f0610
Event: 7.981 Thread 0x00000213ff4f0610 Thread exited: 0x00000213ff4f0610
Event: 8.027 Thread 0x00000213ff4f0610 Thread added: 0x00000213ff4f0610
Event: 8.070 Thread 0x00000213fa89f370 Thread added: 0x00000213fa89f370
Event: 8.288 Thread 0x000002138004daf0 Thread added: 0x000002138004daf0
Event: 8.354 Thread 0x00000213b883b090 Thread added: 0x00000213b883b090


Dynamic libraries:
0x00007ff7d7d20000 - 0x00007ff7d7d30000 	C:\Program Files\Java\jdk-21\bin\java.exe
0x00007ff99e950000 - 0x00007ff99eb48000 	C:\Windows\SYSTEM32\ntdll.dll
0x00007ff99e0a0000 - 0x00007ff99e161000 	C:\Windows\System32\KERNEL32.DLL
0x00007ff99c080000 - 0x00007ff99c37d000 	C:\Windows\System32\KERNELBASE.dll
0x00007ff99c540000 - 0x00007ff99c640000 	C:\Windows\System32\ucrtbase.dll
0x00007ff997200000 - 0x00007ff997219000 	C:\Program Files\Java\jdk-21\bin\jli.dll
0x00007ff99de70000 - 0x00007ff99df20000 	C:\Windows\System32\ADVAPI32.dll
0x00007ff99e810000 - 0x00007ff99e8ae000 	C:\Windows\System32\msvcrt.dll
0x00007ff99d0f0000 - 0x00007ff99d190000 	C:\Windows\System32\sechost.dll
0x00007ff99e6e0000 - 0x00007ff99e803000 	C:\Windows\System32\RPCRT4.dll
0x00007ff9970a0000 - 0x00007ff9970bb000 	C:\Program Files\Java\jdk-21\bin\VCRUNTIME140.dll
0x00007ff99c810000 - 0x00007ff99c837000 	C:\Windows\System32\bcrypt.dll
0x00007ff99d430000 - 0x00007ff99d5cd000 	C:\Windows\System32\USER32.dll
0x00007ff99c050000 - 0x00007ff99c072000 	C:\Windows\System32\win32u.dll
0x00007ff988dd0000 - 0x00007ff98906a000 	C:\Windows\WinSxS\amd64_microsoft.windows.common-controls_6595b64144ccf1df_6.0.19041.4355_none_60b8b9eb71f62e16\COMCTL32.dll
0x00007ff99e6b0000 - 0x00007ff99e6db000 	C:\Windows\System32\GDI32.dll
0x00007ff99c420000 - 0x00007ff99c537000 	C:\Windows\System32\gdi32full.dll
0x00007ff99c380000 - 0x00007ff99c41d000 	C:\Windows\System32\msvcp_win.dll
0x00007ff99bab0000 - 0x00007ff99baba000 	C:\Windows\SYSTEM32\VERSION.dll
0x00007ff99d2b0000 - 0x00007ff99d2df000 	C:\Windows\System32\IMM32.DLL
0x0000000063520000 - 0x000000006352c000 	C:\Program Files (x86)\360\Total Security\safemon\SafeWrapper.dll
0x00007ff920ff0000 - 0x00007ff921082000 	C:\Program Files (x86)\360\Total Security\safemon\libzdtp64.dll
0x00007ff99d5d0000 - 0x00007ff99dd3f000 	C:\Windows\System32\SHELL32.dll
0x00007ff99e8b0000 - 0x00007ff99e905000 	C:\Windows\System32\SHLWAPI.dll
0x00007ff9971f0000 - 0x00007ff9971fc000 	C:\Program Files\Java\jdk-21\bin\vcruntime140_1.dll
0x00007ff96a870000 - 0x00007ff96a8fe000 	C:\Program Files\Java\jdk-21\bin\msvcp140.dll
0x00007ff910210000 - 0x00007ff910f25000 	C:\Program Files\Java\jdk-21\bin\server\jvm.dll
0x00007ff99d3c0000 - 0x00007ff99d42b000 	C:\Windows\System32\WS2_32.dll
0x00007ff99be60000 - 0x00007ff99beab000 	C:\Windows\SYSTEM32\POWRPROF.dll
0x00007ff9811c0000 - 0x00007ff9811e7000 	C:\Windows\SYSTEM32\WINMM.dll
0x00007ff99be40000 - 0x00007ff99be52000 	C:\Windows\SYSTEM32\UMPDC.dll
0x00007ff99a770000 - 0x00007ff99a782000 	C:\Windows\SYSTEM32\kernel.appcore.dll
0x00007ff9965c0000 - 0x00007ff9965ca000 	C:\Program Files\Java\jdk-21\bin\jimage.dll
0x00007ff99a440000 - 0x00007ff99a624000 	C:\Windows\SYSTEM32\DBGHELP.DLL
0x00007ff986770000 - 0x00007ff9867a4000 	C:\Windows\SYSTEM32\dbgcore.DLL
0x00007ff99c840000 - 0x00007ff99c8c2000 	C:\Windows\System32\bcryptPrimitives.dll
0x00007ff9965b0000 - 0x00007ff9965bf000 	C:\Program Files\Java\jdk-21\bin\instrument.dll
0x00007ff9964f0000 - 0x00007ff99650f000 	C:\Program Files\Java\jdk-21\bin\java.dll
0x00007ff999bc0000 - 0x00007ff99a363000 	C:\Windows\SYSTEM32\windows.storage.dll
0x00007ff99cd90000 - 0x00007ff99d0e3000 	C:\Windows\System32\combase.dll
0x00007ff99b8f0000 - 0x00007ff99b91e000 	C:\Windows\SYSTEM32\Wldp.dll
0x00007ff99dfd0000 - 0x00007ff99e09d000 	C:\Windows\System32\OLEAUT32.dll
0x00007ff99e600000 - 0x00007ff99e6ad000 	C:\Windows\System32\SHCORE.dll
0x00007ff99bf30000 - 0x00007ff99bf54000 	C:\Windows\SYSTEM32\profapi.dll
0x00007ff965960000 - 0x00007ff965a37000 	C:\Program Files\Java\jdk-21\bin\jsvml.dll
0x00007ff995eb0000 - 0x00007ff995ec8000 	C:\Program Files\Java\jdk-21\bin\zip.dll
0x00007ff9965a0000 - 0x00007ff9965b0000 	C:\Program Files\Java\jdk-21\bin\net.dll
0x00007ff990300000 - 0x00007ff99040d000 	C:\Windows\SYSTEM32\WINHTTP.dll
0x00007ff99b610000 - 0x00007ff99b67a000 	C:\Windows\system32\mswsock.dll
0x00007ff995990000 - 0x00007ff9959a6000 	C:\Program Files\Java\jdk-21\bin\nio.dll
0x00007ff9964e0000 - 0x00007ff9964f0000 	C:\Program Files\Java\jdk-21\bin\verify.dll
0x00007ff981450000 - 0x00007ff98148e000 	C:\Users\dell\AppData\Roaming\Code\User\globalStorage\redhat.java\1.28.1\config_ss_win\org.eclipse.equinox.launcher\org.eclipse.equinox.launcher.win32.win32.x86_64_1.2.900.v20240129-1338\eclipse_11900.dll
0x00007ff99dd40000 - 0x00007ff99de6b000 	C:\Windows\System32\ole32.dll

dbghelp: loaded successfully - version: 4.0.5 - missing functions: none
symbol engine: initialized successfully - sym options: 0x614 - pdb path: .;C:\Program Files\Java\jdk-21\bin;C:\Windows\SYSTEM32;C:\Windows\WinSxS\amd64_microsoft.windows.common-controls_6595b64144ccf1df_6.0.19041.4355_none_60b8b9eb71f62e16;C:\Program Files (x86)\360\Total Security\safemon;C:\Program Files\Java\jdk-21\bin\server;C:\Users\dell\AppData\Roaming\Code\User\globalStorage\redhat.java\1.28.1\config_ss_win\org.eclipse.equinox.launcher\org.eclipse.equinox.launcher.win32.win32.x86_64_1.2.900.v20240129-1338

VM Arguments:
jvm_args: --add-modules=ALL-SYSTEM --add-opens=java.base/java.util=ALL-UNNAMED --add-opens=java.base/java.lang=ALL-UNNAMED --add-opens=java.base/sun.nio.fs=ALL-UNNAMED -Declipse.application=org.eclipse.jdt.ls.core.id1 -Dosgi.bundles.defaultStartLevel=4 -Declipse.product=org.eclipse.jdt.ls.core.product -Djava.import.generatesMetadataFilesAtProjectRoot=true -DDetectVMInstallationsJob.disabled=true -Dfile.encoding=utf8 -XX:+UseParallelGC -XX:GCTimeRatio=4 -XX:AdaptiveSizePolicyWeight=90 -Dsun.zip.disableMemoryMapping=true -Xmx1G -Xms100m -Xlog:disable -javaagent:c:\Users\dell\.vscode\extensions\redhat.java-1.28.1-win32-x64\lombok\lombok-1.18.31.jar 
java_command: c:\Users\dell\.vscode\extensions\redhat.java-1.28.1-win32-x64\server\plugins\org.eclipse.equinox.launcher_1.6.700.v20231214-2017.jar -configuration c:\Users\dell\AppData\Roaming\Code\User\globalStorage\redhat.java\1.28.1\config_ss_win -data c:\Users\dell\AppData\Roaming\Code\User\workspaceStorage\e616488c58e24c81e14793c0835c84d8\redhat.java\ss_ws --stdio
java_class_path (initial): c:\Users\dell\.vscode\extensions\redhat.java-1.28.1-win32-x64\server\plugins\org.eclipse.equinox.launcher_1.6.700.v20231214-2017.jar
Launcher Type: SUN_STANDARD

[Global flags]
    uintx AdaptiveSizePolicyWeight                 = 90                                        {product} {command line}
     intx CICompilerCount                          = 3                                         {product} {ergonomic}
    uintx GCTimeRatio                              = 4                                         {product} {command line}
   size_t InitialHeapSize                          = 104857600                                 {product} {command line}
   size_t MaxHeapSize                              = 1073741824                                {product} {command line}
   size_t MaxNewSize                               = 357564416                                 {product} {ergonomic}
   size_t MinHeapDeltaBytes                        = 524288                                    {product} {ergonomic}
   size_t MinHeapSize                              = 104857600                                 {product} {command line}
   size_t NewSize                                  = 34603008                                  {product} {ergonomic}
    uintx NonNMethodCodeHeapSize                   = 5832780                                {pd product} {ergonomic}
    uintx NonProfiledCodeHeapSize                  = 122912730                              {pd product} {ergonomic}
   size_t OldSize                                  = 70254592                                  {product} {ergonomic}
    uintx ProfiledCodeHeapSize                     = 122912730                              {pd product} {ergonomic}
    uintx ReservedCodeCacheSize                    = 251658240                              {pd product} {ergonomic}
     bool SegmentedCodeCache                       = true                                      {product} {ergonomic}
   size_t SoftMaxHeapSize                          = 1073741824                             {manageable} {ergonomic}
     bool UseCompressedOops                        = true                           {product lp64_product} {ergonomic}
     bool UseLargePagesIndividualAllocation        = false                                  {pd product} {ergonomic}
     bool UseParallelGC                            = true                                      {product} {command line}

Logging:
Log output configuration:
 #0: stdout all=off uptime,level,tags foldmultilines=false
 #1: stderr all=off uptime,level,tags foldmultilines=false

Environment Variables:
PATH=C:\Program Files\Common Files\Oracle\Java\javapath;C:\Program Files (x86)\Common Files\Oracle\Java\java8path;C:\Program Files (x86)\Common Files\Oracle\Java\javapath;C:\Windows\system32;C:\Windows;C:\Windows\System32\Wbem;C:\Windows\System32\WindowsPowerShell\v1.0\;C:\Windows\System32\OpenSSH\;C:\MinGW\bin;C:\Program Files\dotnet\;C:\Program Files\nodejs\;C:\Program Files\Docker\Docker\resources\bin;C:\Xampp\mysql\bin;D:\Git\cmd;C:\Users\dell\AppData\Local\Programs\Python\Python312\Scripts\;C:\Users\dell\AppData\Local\Programs\Python\Python312\;C:\Program Files\MySQL\MySQL Shell 8.0\bin\;C:\Users\dell\AppData\Local\Microsoft\WindowsApps;D:\data\Microsoft VS Code\Microsoft VS Code\bin;D:\IntelliJ IDEA 2023.3.2\bin;;C:\Users\dell\AppData\Local\Programs\Microsoft VS Code\bin;C:\flutterdev\flutter\bin;C:\Users\dell\AppData\Roaming\npm;C:\Users\dell\AppData\Local\Programs\mongosh\
USERNAME=dell
OS=Windows_NT
PROCESSOR_IDENTIFIER=Intel64 Family 6 Model 78 Stepping 3, GenuineIntel
TMP=C:\Users\dell\AppData\Local\Temp
TEMP=C:\Users\dell\AppData\Local\Temp




Periodic native trim disabled

---------------  S Y S T E M  ---------------

OS:
 Windows 10 , 64 bit Build 19041 (10.0.19041.4842)
OS uptime: 0 days 21:52 hours
Hyper-V role detected

CPU: total 4 (initial active 4) (2 cores per cpu, 2 threads per core) family 6 model 78 stepping 3 microcode 0xf0, cx8, cmov, fxsr, ht, mmx, 3dnowpref, sse, sse2, sse3, ssse3, sse4.1, sse4.2, popcnt, lzcnt, tsc, tscinvbit, avx, avx2, aes, erms, clmul, bmi1, bmi2, rtm, adx, fma, vzeroupper, clflush, clflushopt, hv, rdtscp, f16c
Processor Information for all 4 processors :
  Max Mhz: 2501, Current Mhz: 2501, Mhz Limit: 2501

Memory: 4k page, system-wide physical 16275M (3370M free)
TotalPageFile size 16275M (AvailPageFile size 0M)
current process WorkingSet (physical memory assigned to process): 120M, peak: 120M
current process commit charge ("private bytes"): 218M, peak: 218M

vm_info: Java HotSpot(TM) 64-Bit Server VM (21.0.1+12-LTS-29) for windows-amd64 JRE (21.0.1+12-LTS-29), built on 2023-10-05T13:27:09Z by "mach5one" with MS VC++ 17.1 (VS2022)

END.
