#
# There is insufficient memory for the Java Runtime Environment to continue.
# Native memory allocation (mmap) failed to map 268435456 bytes for G1 virtual space
# Possible reasons:
#   The system is out of physical RAM or swap space
#   The process is running with CompressedOops enabled, and the Java Heap may be blocking the growth of the native heap
# Possible solutions:
#   Reduce memory load on the system
#   Increase physical memory or swap space
#   Check if swap backing store is full
#   Decrease Java heap size (-Xmx/-Xms)
#   Decrease number of Java threads
#   Decrease Java thread stack sizes (-Xss)
#   Set larger code cache with -XX:ReservedCodeCacheSize=
#   JVM is running with Zero Based Compressed Oops mode in which the Java heap is
#     placed in the first 32GB address space. The Java Heap base address is the
#     maximum limit for the native heap growth. Please use -XX:HeapBaseMinAddress
#     to set the Java Heap base and to place the Java Heap above 32GB virtual address.
# This output file may be truncated or incomplete.
#
#  Out of Memory Error (os_windows.cpp:3600), pid=46692, tid=21008
#
# JRE version:  (21.0.1+12) (build )
# Java VM: Java HotSpot(TM) 64-Bit Server VM (21.0.1+12-LTS-29, mixed mode, sharing, tiered, compressed oops, compressed class ptrs, g1 gc, windows-amd64)
# No core dump will be written. Minidumps are not enabled by default on client versions of Windows
#

---------------  S U M M A R Y ------------

Command Line: --add-modules=ALL-DEFAULT jdk.compiler/com.sun.tools.javac.launcher.Main dsasheet22_trapped_water.java

Host: Intel(R) Core(TM) i5-6300U CPU @ 2.40GHz, 4 cores, 15G,  Windows 10 , 64 bit Build 19041 (10.0.19041.3636)
Time: Mon Mar 11 15:53:12 2024 India Standard Time elapsed time: 0.022553 seconds (0d 0h 0m 0s)

---------------  T H R E A D  ---------------

Current thread (0x000001c8c408d3a0):  JavaThread "Unknown thread" [_thread_in_vm, id=21008, stack(0x00000062e2400000,0x00000062e2500000) (1024K)]

Stack: [0x00000062e2400000,0x00000062e2500000]
Native frames: (J=compiled Java code, j=interpreted, Vv=VM code, C=native code)
V  [jvm.dll+0x6c9029]
V  [jvm.dll+0x854b81]
V  [jvm.dll+0x856e5e]
V  [jvm.dll+0x857543]
V  [jvm.dll+0x280c06]
V  [jvm.dll+0x6c5715]
V  [jvm.dll+0x6ba10a]
V  [jvm.dll+0x3557ea]
V  [jvm.dll+0x35d436]
V  [jvm.dll+0x3ae1be]
V  [jvm.dll+0x3ae468]
V  [jvm.dll+0x3291fc]
V  [jvm.dll+0x329d8b]
V  [jvm.dll+0x81d179]
V  [jvm.dll+0x3bb4f1]
V  [jvm.dll+0x805ae8]
V  [jvm.dll+0x44effe]
V  [jvm.dll+0x450901]
C  [jli.dll+0x52a3]
C  [ucrtbase.dll+0x21bb2]
C  [KERNEL32.DLL+0x17344]
C  [ntdll.dll+0x526b1]


---------------  P R O C E S S  ---------------

Threads class SMR info:
_java_thread_list=0x00007ffb2fdd9b88, length=0, elements={
}

Java Threads: ( => current thread )
Total: 0

Other Threads:
  0x000001c8c619cb60 WorkerThread "GC Thread#0"                     [id=26408, stack(0x00000062e2500000,0x00000062e2600000) (1024K)]
  0x000001c8c61aff80 ConcurrentGCThread "G1 Main Marker"            [id=45704, stack(0x00000062e2600000,0x00000062e2700000) (1024K)]
  0x000001c8c619b200 WorkerThread "G1 Conc#0"                       [id=41680, stack(0x00000062e2700000,0x00000062e2800000) (1024K)]

[error occurred during error reporting (printing all threads), id 0xc0000005, EXCEPTION_ACCESS_VIOLATION (0xc0000005) at pc=0x00007ffb2f54c2c7]
VM state: not at safepoint (not fully initialized)

VM Mutex/Monitor currently owned by a thread:  ([mutex/lock_event])
[0x00007ffb2fe4a6f8] Heap_lock - owner thread: 0x000001c8c408d3a0

Heap address: 0x0000000701a00000, size: 4070 MB, Compressed Oops mode: Zero based, Oop shift amount: 3

CDS archive(s) mapped at: [0x0000000000000000-0x0000000000000000-0x0000000000000000), size 0, SharedBaseAddress: 0x0000000800000000, ArchiveRelocationMode: 1.
Narrow klass base: 0x0000000000000000, Narrow klass shift: 0, Narrow klass range: 0x0

GC Precious Log:
 CardTable entry size: 512
 Card Set container configuration: InlinePtr #cards 4 size 8 Array Of Cards #cards 16 size 48 Howl #buckets 8 coarsen threshold 3686 Howl Bitmap #cards 512 size 80 coarsen threshold 460 Card regions per heap region 1 cards per card region 4096

Heap:
 garbage-first heap   total 0K, used 0K [0x0000000701a00000, 0x0000000800000000)
  region size 2048K, 0 young (0K), 0 survivors (0K)

[error occurred during error reporting (printing heap information), id 0xc0000005, EXCEPTION_ACCESS_VIOLATION (0xc0000005) at pc=0x00007ffb2f931be9]
GC Heap History (0 events):
No events

Dll operation events (1 events):
Event: 0.010 Loaded shared library C:\Program Files\Java\jdk-21\bin\java.dll

Deoptimization events (0 events):
No events

Classes loaded (0 events):
No events

Classes unloaded (0 events):
No events

Classes redefined (0 events):
No events

Internal exceptions (0 events):
No events

ZGC Phase Switch (0 events):
No events

VM Operations (0 events):
No events

Events (0 events):
No events


Dynamic libraries:
0x00007ff7abf50000 - 0x00007ff7abf60000 	C:\Program Files\Java\jdk-21\bin\java.exe
0x00007ffb74550000 - 0x00007ffb74748000 	C:\Windows\SYSTEM32\ntdll.dll
0x00007ffb72590000 - 0x00007ffb7264d000 	C:\Windows\System32\KERNEL32.DLL
0x00007ffb71f40000 - 0x00007ffb72236000 	C:\Windows\System32\KERNELBASE.dll
0x00007ffb71c10000 - 0x00007ffb71d10000 	C:\Windows\System32\ucrtbase.dll
0x00007ffb4f000000 - 0x00007ffb4f019000 	C:\Program Files\Java\jdk-21\bin\jli.dll
0x00007ffb4c420000 - 0x00007ffb4c43b000 	C:\Program Files\Java\jdk-21\bin\VCRUNTIME140.dll
0x00007ffb73fa0000 - 0x00007ffb74053000 	C:\Windows\System32\ADVAPI32.dll
0x00007ffb72f90000 - 0x00007ffb7302e000 	C:\Windows\System32\msvcrt.dll
0x00007ffb731f0000 - 0x00007ffb7328f000 	C:\Windows\System32\sechost.dll
0x00007ffb73e70000 - 0x00007ffb73f96000 	C:\Windows\System32\RPCRT4.dll
0x00007ffb72240000 - 0x00007ffb72267000 	C:\Windows\System32\bcrypt.dll
0x00007ffb74060000 - 0x00007ffb741fe000 	C:\Windows\System32\USER32.dll
0x00007ffb55e20000 - 0x00007ffb560ba000 	C:\Windows\WinSxS\amd64_microsoft.windows.common-controls_6595b64144ccf1df_6.0.19041.3636_none_60b6a03d71f818d5\COMCTL32.dll
0x00007ffb724b0000 - 0x00007ffb724d2000 	C:\Windows\System32\win32u.dll
0x00007ffb72a20000 - 0x00007ffb72a4b000 	C:\Windows\System32\GDI32.dll
0x00007ffb71e20000 - 0x00007ffb71f37000 	C:\Windows\System32\gdi32full.dll
0x00007ffb71d80000 - 0x00007ffb71e1d000 	C:\Windows\System32\msvcp_win.dll
0x00007ffb67110000 - 0x00007ffb6711a000 	C:\Windows\SYSTEM32\VERSION.dll
0x00007ffb72950000 - 0x00007ffb72982000 	C:\Windows\System32\IMM32.DLL
0x00007ffb6abc0000 - 0x00007ffb6abcc000 	C:\Program Files\Java\jdk-21\bin\vcruntime140_1.dll
0x00007ffb3a860000 - 0x00007ffb3a8ee000 	C:\Program Files\Java\jdk-21\bin\msvcp140.dll
0x00007ffb2f210000 - 0x00007ffb2ff25000 	C:\Program Files\Java\jdk-21\bin\server\jvm.dll
0x00007ffb74280000 - 0x00007ffb742eb000 	C:\Windows\System32\WS2_32.dll
0x00007ffb71a70000 - 0x00007ffb71abb000 	C:\Windows\SYSTEM32\POWRPROF.dll
0x00007ffb5d040000 - 0x00007ffb5d067000 	C:\Windows\SYSTEM32\WINMM.dll
0x00007ffb71a50000 - 0x00007ffb71a62000 	C:\Windows\SYSTEM32\UMPDC.dll
0x00007ffb70450000 - 0x00007ffb70462000 	C:\Windows\SYSTEM32\kernel.appcore.dll
0x00007ffb5e4d0000 - 0x00007ffb5e4da000 	C:\Program Files\Java\jdk-21\bin\jimage.dll
0x00007ffb70120000 - 0x00007ffb70304000 	C:\Windows\SYSTEM32\DBGHELP.DLL
0x00007ffb4eec0000 - 0x00007ffb4eef4000 	C:\Windows\SYSTEM32\dbgcore.DLL
0x00007ffb72420000 - 0x00007ffb724a2000 	C:\Windows\System32\bcryptPrimitives.dll
0x00007ffb42120000 - 0x00007ffb4213f000 	C:\Program Files\Java\jdk-21\bin\java.dll

dbghelp: loaded successfully - version: 4.0.5 - missing functions: none
symbol engine: initialized successfully - sym options: 0x614 - pdb path: .;C:\Program Files\Java\jdk-21\bin;C:\Windows\SYSTEM32;C:\Windows\WinSxS\amd64_microsoft.windows.common-controls_6595b64144ccf1df_6.0.19041.3636_none_60b6a03d71f818d5;C:\Program Files\Java\jdk-21\bin\server

VM Arguments:
jvm_args: --add-modules=ALL-DEFAULT 
java_command: jdk.compiler/com.sun.tools.javac.launcher.Main dsasheet22_trapped_water.java
java_class_path (initial): .
Launcher Type: SUN_STANDARD

[Global flags]
     intx CICompilerCount                          = 3                                         {product} {ergonomic}
     uint ConcGCThreads                            = 1                                         {product} {ergonomic}
     uint G1ConcRefinementThreads                  = 4                                         {product} {ergonomic}
   size_t G1HeapRegionSize                         = 2097152                                   {product} {ergonomic}
    uintx GCDrainStackTargetSize                   = 64                                        {product} {ergonomic}
   size_t InitialHeapSize                          = 268435456                                 {product} {ergonomic}
   size_t MarkStackSize                            = 4194304                                   {product} {ergonomic}
   size_t MaxHeapSize                              = 4267704320                                {product} {ergonomic}
   size_t MinHeapDeltaBytes                        = 2097152                                   {product} {ergonomic}
   size_t MinHeapSize                              = 8388608                                   {product} {ergonomic}
    uintx NonNMethodCodeHeapSize                   = 5832780                                {pd product} {ergonomic}
    uintx NonProfiledCodeHeapSize                  = 122912730                              {pd product} {ergonomic}
    uintx ProfiledCodeHeapSize                     = 122912730                              {pd product} {ergonomic}
    uintx ReservedCodeCacheSize                    = 251658240                              {pd product} {ergonomic}
     bool SegmentedCodeCache                       = true                                      {product} {ergonomic}
   size_t SoftMaxHeapSize                          = 4267704320                             {manageable} {ergonomic}
     bool UseCompressedOops                        = true                           {product lp64_product} {ergonomic}
     bool UseG1GC                                  = true                                      {product} {ergonomic}
     bool UseLargePagesIndividualAllocation        = false                                  {pd product} {ergonomic}

Logging:
Log output configuration:
 #0: stdout all=warning uptime,level,tags foldmultilines=false
 #1: stderr all=off uptime,level,tags foldmultilines=false

Environment Variables:
PATH=C:\Program Files\Common Files\Oracle\Java\javapath;C:\Windows\system32;C:\Windows;C:\Windows\System32\Wbem;C:\Windows\System32\WindowsPowerShell\v1.0\;C:\Windows\System32\OpenSSH\;C:\MinGW\bin;C:\Program Files\dotnet\;D:\Git\cmd;C:\Users\dell\AppData\Local\Microsoft\WindowsApps;;D:\data\Microsoft VS Code\Microsoft VS Code\bin;D:\IntelliJ IDEA 2023.3.2\bin;
USERNAME=dell
LANG=en_US.UTF-8
OS=Windows_NT
PROCESSOR_IDENTIFIER=Intel64 Family 6 Model 78 Stepping 3, GenuineIntel
TMP=C:\Users\dell\AppData\Local\Temp
TEMP=C:\Users\dell\AppData\Local\Temp




Periodic native trim disabled

---------------  S Y S T E M  ---------------

OS:
 Windows 10 , 64 bit Build 19041 (10.0.19041.3636)
OS uptime: 0 days 1:54 hours

CPU: total 4 (initial active 4) (2 cores per cpu, 2 threads per core) family 6 model 78 stepping 3 microcode 0xf0, cx8, cmov, fxsr, ht, mmx, 3dnowpref, sse, sse2, sse3, ssse3, sse4.1, sse4.2, popcnt, lzcnt, tsc, tscinvbit, avx, avx2, aes, erms, clmul, bmi1, bmi2, rtm, adx, fma, vzeroupper, clflush, clflushopt, rdtscp, f16c
Processor Information for processor 0
  Max Mhz: 2501, Current Mhz: 1500, Mhz Limit: 2501
Processor Information for processor 1
  Max Mhz: 2501, Current Mhz: 1500, Mhz Limit: 2501
Processor Information for processor 2
  Max Mhz: 2501, Current Mhz: 2501, Mhz Limit: 2501
Processor Information for processor 3
  Max Mhz: 2501, Current Mhz: 1500, Mhz Limit: 2501

Memory: 4k page, system-wide physical 16275M (2049M free)
TotalPageFile size 34745M (AvailPageFile size 146M)
current process WorkingSet (physical memory assigned to process): 10M, peak: 10M
current process commit charge ("private bytes"): 52M, peak: 308M

vm_info: Java HotSpot(TM) 64-Bit Server VM (21.0.1+12-LTS-29) for windows-amd64 JRE (21.0.1+12-LTS-29), built on 2023-10-05T13:27:09Z by "mach5one" with MS VC++ 17.1 (VS2022)

END.
