#
# There is insufficient memory for the Java Runtime Environment to continue.
# Native memory allocation (malloc) failed to allocate 32744 bytes for Chunk::new
# Possible reasons:
#   The system is out of physical RAM or swap space
#   The process is running with CompressedOops enabled, and the Java Heap may be blocking the growth of the native heap
# Possible solutions:
#   Reduce memory load on the system
#   Increase physical memory or swap space
#   Check if swap backing store is full
#   Decrease Java heap size (-Xmx/-Xms)
#   Decrease number of Java threads
#   Decrease Java thread stack sizes (-Xss)
#   Set larger code cache with -XX:ReservedCodeCacheSize=
#   JVM is running with Unscaled Compressed Oops mode in which the Java heap is
#     placed in the first 4GB address space. The Java Heap base address is the
#     maximum limit for the native heap growth. Please use -XX:HeapBaseMinAddress
#     to set the Java Heap base and to place the Java Heap above 4GB virtual address.
# This output file may be truncated or incomplete.
#
#  Out of Memory Error (arena.cpp:168), pid=20868, tid=12820
#
# JRE version: Java(TM) SE Runtime Environment (21.0.1+12) (build 21.0.1+12-LTS-29)
# Java VM: Java HotSpot(TM) 64-Bit Server VM (21.0.1+12-LTS-29, mixed mode, sharing, tiered, compressed oops, compressed class ptrs, parallel gc, windows-amd64)
# No core dump will be written. Minidumps are not enabled by default on client versions of Windows
#

---------------  S U M M A R Y ------------

Command Line: --add-modules=ALL-SYSTEM --add-opens=java.base/java.util=ALL-UNNAMED --add-opens=java.base/java.lang=ALL-UNNAMED --add-opens=java.base/sun.nio.fs=ALL-UNNAMED -Declipse.application=org.eclipse.jdt.ls.core.id1 -Dosgi.bundles.defaultStartLevel=4 -Declipse.product=org.eclipse.jdt.ls.core.product -Djava.import.generatesMetadataFilesAtProjectRoot=true -DDetectVMInstallationsJob.disabled=true -Dfile.encoding=utf8 -XX:+UseParallelGC -XX:GCTimeRatio=4 -XX:AdaptiveSizePolicyWeight=90 -Dsun.zip.disableMemoryMapping=true -Xmx1G -Xms100m -Xlog:disable -javaagent:c:\Users\dell\.vscode\extensions\redhat.java-1.28.1-win32-x64\lombok\lombok-1.18.31.jar c:\Users\dell\.vscode\extensions\redhat.java-1.28.1-win32-x64\server\plugins\org.eclipse.equinox.launcher_1.6.700.v20231214-2017.jar -configuration c:\Users\dell\AppData\Roaming\Code\User\globalStorage\redhat.java\1.28.1\config_ss_win -data c:\Users\dell\AppData\Roaming\Code\User\workspaceStorage\e616488c58e24c81e14793c0835c84d8\redhat.java\ss_ws --stdio

Host: Intel(R) Core(TM) i5-6300U CPU @ 2.40GHz, 4 cores, 15G,  Windows 10 , 64 bit Build 19041 (10.0.19041.4957)
Time: Thu Oct 10 23:46:36 2024 India Standard Time elapsed time: 0.519215 seconds (0d 0h 0m 0s)

---------------  T H R E A D  ---------------

Current thread (0x000002727b2cb340):  JavaThread "C2 CompilerThread0" daemon [_thread_in_native, id=12820, stack(0x000000c0e3e00000,0x000000c0e3f00000) (1024K)]


Current CompileTask:
C2:    519  157       4       java.util.HashMap::putVal (300 bytes)

Stack: [0x000000c0e3e00000,0x000000c0e3f00000]
Native frames: (J=compiled Java code, j=interpreted, Vv=VM code, C=native code)
V  [jvm.dll+0x6c9029]
V  [jvm.dll+0x854b81]
V  [jvm.dll+0x856e5e]
V  [jvm.dll+0x857543]
V  [jvm.dll+0x280c06]
V  [jvm.dll+0xc3ead]
V  [jvm.dll+0xc43c3]
V  [jvm.dll+0xc3fd5]
V  [jvm.dll+0x6a5c9c]
V  [jvm.dll+0x25438f]
V  [jvm.dll+0x24ac02]
V  [jvm.dll+0x248fa3]
V  [jvm.dll+0x1c9ca1]
V  [jvm.dll+0x2586b9]
V  [jvm.dll+0x256c9a]
V  [jvm.dll+0x3ef1b6]
V  [jvm.dll+0x7fd728]
V  [jvm.dll+0x6c777d]
C  [ucrtbase.dll+0x21bb2]
C  [KERNEL32.DLL+0x17374]
C  [ntdll.dll+0x4cc91]


---------------  P R O C E S S  ---------------

Threads class SMR info:
_java_thread_list=0x000002727c184f20, length=10, elements={
0x000002726ebfc300, 0x000002727b2bf1e0, 0x000002727b2c2e30, 0x000002727b2c4cf0,
0x000002727b2c5c10, 0x000002727b2c6b30, 0x000002727b2ca5b0, 0x000002727b2cb340,
0x000002727b33c430, 0x00000272705e86c0
}

Java Threads: ( => current thread )
  0x000002726ebfc300 JavaThread "main"                              [_thread_in_vm, id=7412, stack(0x000000c0e3400000,0x000000c0e3500000) (1024K)]
  0x000002727b2bf1e0 JavaThread "Reference Handler"          daemon [_thread_blocked, id=17044, stack(0x000000c0e3800000,0x000000c0e3900000) (1024K)]
  0x000002727b2c2e30 JavaThread "Finalizer"                  daemon [_thread_blocked, id=20076, stack(0x000000c0e3900000,0x000000c0e3a00000) (1024K)]
  0x000002727b2c4cf0 JavaThread "Signal Dispatcher"          daemon [_thread_blocked, id=10776, stack(0x000000c0e3a00000,0x000000c0e3b00000) (1024K)]
  0x000002727b2c5c10 JavaThread "Attach Listener"            daemon [_thread_blocked, id=13292, stack(0x000000c0e3b00000,0x000000c0e3c00000) (1024K)]
  0x000002727b2c6b30 JavaThread "Service Thread"             daemon [_thread_blocked, id=20828, stack(0x000000c0e3c00000,0x000000c0e3d00000) (1024K)]
  0x000002727b2ca5b0 JavaThread "Monitor Deflation Thread"   daemon [_thread_blocked, id=1992, stack(0x000000c0e3d00000,0x000000c0e3e00000) (1024K)]
=>0x000002727b2cb340 JavaThread "C2 CompilerThread0"         daemon [_thread_in_native, id=12820, stack(0x000000c0e3e00000,0x000000c0e3f00000) (1024K)]
  0x000002727b33c430 JavaThread "C1 CompilerThread0"         daemon [_thread_in_native, id=13696, stack(0x000000c0e3f00000,0x000000c0e4000000) (1024K)]
  0x00000272705e86c0 JavaThread "Common-Cleaner"             daemon [_thread_blocked, id=16916, stack(0x000000c0e4000000,0x000000c0e4100000) (1024K)]
Total: 10

Other Threads:
  0x000002727b2af720 VMThread "VM Thread"                           [id=9920, stack(0x000000c0e3700000,0x000000c0e3800000) (1024K)]
  0x000002727b24bb20 WatcherThread "VM Periodic Task Thread"        [id=3596, stack(0x000000c0e3600000,0x000000c0e3700000) (1024K)]
  0x0000027270599490 WorkerThread "GC Thread#0"                     [id=2796, stack(0x000000c0e3500000,0x000000c0e3600000) (1024K)]
Total: 3

Threads with active compile tasks:
C2 CompilerThread0      583  157       4       java.util.HashMap::putVal (300 bytes)
C1 CompilerThread0      583  168   !   3       java.util.concurrent.ConcurrentHashMap::putVal (432 bytes)
Total: 2

VM state: not at safepoint (normal execution)

VM Mutex/Monitor currently owned by a thread: None

Heap address: 0x00000000c0000000, size: 1024 MB, Compressed Oops mode: 32-bit

CDS archive(s) mapped at: [0x000002720f000000-0x000002720fc90000-0x000002720fc90000), size 13172736, SharedBaseAddress: 0x000002720f000000, ArchiveRelocationMode: 1.
Compressed class space mapped at: 0x0000027210000000-0x0000027250000000, reserved size: 1073741824
Narrow klass base: 0x000002720f000000, Narrow klass shift: 0, Narrow klass range: 0x100000000

GC Precious Log:
 CardTable entry size: 512
 CPUs: 4 total, 4 available
 Memory: 16275M
 Large Page Support: Disabled
 NUMA Support: Disabled
 Compressed Oops: Enabled (32-bit)
 Alignments: Space 512K, Generation 512K, Heap 2M
 Heap Min Capacity: 100M
 Heap Initial Capacity: 100M
 Heap Max Capacity: 1G
 Pre-touch: Disabled
 Parallel Workers: 4

Heap:
 PSYoungGen      total 29696K, used 3585K [0x00000000eab00000, 0x00000000ecc00000, 0x0000000100000000)
  eden space 25600K, 14% used [0x00000000eab00000,0x00000000eae80620,0x00000000ec400000)
  from space 4096K, 0% used [0x00000000ec800000,0x00000000ec800000,0x00000000ecc00000)
  to   space 4096K, 0% used [0x00000000ec400000,0x00000000ec400000,0x00000000ec800000)
 ParOldGen       total 68608K, used 0K [0x00000000c0000000, 0x00000000c4300000, 0x00000000eab00000)
  object space 68608K, 0% used [0x00000000c0000000,0x00000000c0000000,0x00000000c4300000)
 Metaspace       used 228K, committed 448K, reserved 1114112K
  class space    used 8K, committed 128K, reserved 1048576K

Card table byte_map: [0x0000027278be0000,0x0000027278df0000] _byte_map_base: 0x00000272785e0000

Marking Bits: (ParMarkBitMap*) 0x00007ffe03d2f550
 Begin Bits: [0x0000027278f50000, 0x0000027279f50000)
 End Bits:   [0x0000027279f50000, 0x000002727af50000)

Polling page: 0x000002726ebb0000

Metaspace:

Usage:
  Non-class:    220.16 KB used.
      Class:      8.12 KB used.
       Both:    228.28 KB used.

Virtual space:
  Non-class space:       64.00 MB reserved,     320.00 KB ( <1%) committed,  1 nodes.
      Class space:        1.00 GB reserved,     128.00 KB ( <1%) committed,  1 nodes.
             Both:        1.06 GB reserved,     448.00 KB ( <1%) committed. 

Chunk freelists:
   Non-Class:  11.99 MB
       Class:  15.75 MB
        Both:  27.74 MB

MaxMetaspaceSize: unlimited
CompressedClassSpaceSize: 1.00 GB
Initial GC threshold: 21.00 MB
Current GC threshold: 21.00 MB
CDS: on
 - commit_granule_bytes: 65536.
 - commit_granule_words: 8192.
 - virtual_space_node_default_size: 8388608.
 - enlarge_chunks_in_place: 1.
 - use_allocation_guard: 0.


Internal statistics:

num_allocs_failed_limit: 0.
num_arena_births: 8.
num_arena_deaths: 0.
num_vsnodes_births: 2.
num_vsnodes_deaths: 0.
num_space_committed: 7.
num_space_uncommitted: 0.
num_chunks_returned_to_freelist: 0.
num_chunks_taken_from_freelist: 9.
num_chunk_merges: 0.
num_chunk_splits: 6.
num_chunks_enlarged: 3.
num_inconsistent_stats: 0.

CodeHeap 'non-profiled nmethods': size=120000Kb used=45Kb max_used=45Kb free=119954Kb
 bounds [0x0000027207ad0000, 0x0000027207d40000, 0x000002720f000000]
CodeHeap 'profiled nmethods': size=120000Kb used=177Kb max_used=177Kb free=119822Kb
 bounds [0x0000027200000000, 0x0000027200270000, 0x0000027207530000]
CodeHeap 'non-nmethods': size=5760Kb used=1118Kb max_used=1132Kb free=4641Kb
 bounds [0x0000027207530000, 0x00000272077a0000, 0x0000027207ad0000]
 total_blobs=520 nmethods=162 adapters=265
 compilation: enabled
              stopped_count=0, restarted_count=0
 full_count=0

Compilation events (20 events):
Event: 0.512 Thread 0x000002727b33c430 nmethod 156 0x000002720002ad90 code [0x000002720002af40, 0x000002720002b0e0]
Event: 0.512 Thread 0x000002727b33c430  155       1       java.lang.module.ModuleDescriptor::uses (5 bytes)
Event: 0.512 Thread 0x000002727b33c430 nmethod 155 0x0000027207ada290 code [0x0000027207ada420, 0x0000027207ada4e8]
Event: 0.513 Thread 0x000002727b2cb340 nmethod 152 0x0000027207ada590 code [0x0000027207ada720, 0x0000027207ada858]
Event: 0.513 Thread 0x000002727b2cb340  153       4       java.lang.String::isLatin1 (19 bytes)
Event: 0.513 Thread 0x000002727b2cb340 nmethod 153 0x0000027207ada990 code [0x0000027207adab20, 0x0000027207adabd0]
Event: 0.513 Thread 0x000002727b2cb340  157       4       java.util.HashMap::putVal (300 bytes)
Event: 0.514 Thread 0x000002727b33c430  159       1       java.util.HashMap$Node::getKey (5 bytes)
Event: 0.514 Thread 0x000002727b33c430 nmethod 159 0x0000027207adac90 code [0x0000027207adae20, 0x0000027207adaee8]
Event: 0.514 Thread 0x000002727b33c430  160       1       java.util.HashMap$Node::getValue (5 bytes)
Event: 0.514 Thread 0x000002727b33c430 nmethod 160 0x0000027207adaf90 code [0x0000027207adb120, 0x0000027207adb1e8]
Event: 0.514 Thread 0x000002727b33c430  162       3       java.lang.StringLatin1::lastIndexOf (125 bytes)
Event: 0.515 Thread 0x000002727b33c430 nmethod 162 0x000002720002b190 code [0x000002720002b360, 0x000002720002b7e8]
Event: 0.515 Thread 0x000002727b33c430  163       3       java.util.HashSet::<init> (16 bytes)
Event: 0.515 Thread 0x000002727b33c430 nmethod 163 0x000002720002ba90 code [0x000002720002bc60, 0x000002720002c030]
Event: 0.515 Thread 0x000002727b33c430  166       1       java.util.KeyValueHolder::getKey (5 bytes)
Event: 0.515 Thread 0x000002727b33c430 nmethod 166 0x0000027207adb290 code [0x0000027207adb420, 0x0000027207adb4e8]
Event: 0.515 Thread 0x000002727b33c430  164       3       java.lang.module.ResolvedModule::descriptor (8 bytes)
Event: 0.516 Thread 0x000002727b33c430 nmethod 164 0x000002720002c190 code [0x000002720002c320, 0x000002720002c450]
Event: 0.516 Thread 0x000002727b33c430  168   !   3       java.util.concurrent.ConcurrentHashMap::putVal (432 bytes)

GC Heap History (0 events):
No events

Dll operation events (2 events):
Event: 0.120 Loaded shared library C:\Program Files\Java\jdk-21\bin\java.dll
Event: 0.259 Loaded shared library C:\Program Files\Java\jdk-21\bin\jsvml.dll

Deoptimization events (0 events):
No events

Classes loaded (2 events):
Event: 0.495 Loading class jdk/internal/module/ModuleReferenceImpl$CachedHash
Event: 0.498 Loading class jdk/internal/module/ModuleReferenceImpl$CachedHash done

Classes unloaded (0 events):
No events

Classes redefined (0 events):
No events

Internal exceptions (1 events):
Event: 0.453 Thread 0x000002726ebfc300 Exception <a 'java/lang/NoSuchMethodError'{0x00000000ead26e48}: 'void java.lang.invoke.DirectMethodHandle$Holder.invokeStatic(java.lang.Object, java.lang.Object, java.lang.Object)'> (0x00000000ead26e48) 
thrown [s\open\src\hotspot\share\interpreter\linkResolver.cpp, line 773]

ZGC Phase Switch (0 events):
No events

VM Operations (2 events):
Event: 0.494 Executing VM operation: HandshakeAllThreads (Deoptimize)
Event: 0.494 Executing VM operation: HandshakeAllThreads (Deoptimize) done

Events (10 events):
Event: 0.197 Thread 0x000002726ebfc300 Thread added: 0x000002726ebfc300
Event: 0.248 Thread 0x000002727b2bf1e0 Thread added: 0x000002727b2bf1e0
Event: 0.249 Thread 0x000002727b2c2e30 Thread added: 0x000002727b2c2e30
Event: 0.251 Thread 0x000002727b2c4cf0 Thread added: 0x000002727b2c4cf0
Event: 0.251 Thread 0x000002727b2c5c10 Thread added: 0x000002727b2c5c10
Event: 0.251 Thread 0x000002727b2c6b30 Thread added: 0x000002727b2c6b30
Event: 0.251 Thread 0x000002727b2ca5b0 Thread added: 0x000002727b2ca5b0
Event: 0.251 Thread 0x000002727b2cb340 Thread added: 0x000002727b2cb340
Event: 0.286 Thread 0x000002727b33c430 Thread added: 0x000002727b33c430
Event: 0.406 Thread 0x00000272705e86c0 Thread added: 0x00000272705e86c0


Dynamic libraries:
0x00007ff7f0680000 - 0x00007ff7f0690000 	C:\Program Files\Java\jdk-21\bin\java.exe
0x00007ffe8b770000 - 0x00007ffe8b968000 	C:\Windows\SYSTEM32\ntdll.dll
0x00007ffe89e30000 - 0x00007ffe89ef2000 	C:\Windows\System32\KERNEL32.DLL
0x00007ffe89360000 - 0x00007ffe8965e000 	C:\Windows\System32\KERNELBASE.dll
0x00007ffe89660000 - 0x00007ffe89760000 	C:\Windows\System32\ucrtbase.dll
0x00007ffe822a0000 - 0x00007ffe822b9000 	C:\Program Files\Java\jdk-21\bin\jli.dll
0x00007ffe89790000 - 0x00007ffe89842000 	C:\Windows\System32\ADVAPI32.dll
0x00007ffe8b630000 - 0x00007ffe8b6ce000 	C:\Windows\System32\msvcrt.dll
0x00007ffe8ad20000 - 0x00007ffe8adc0000 	C:\Windows\System32\sechost.dll
0x00007ffe8abf0000 - 0x00007ffe8ad13000 	C:\Windows\System32\RPCRT4.dll
0x00007ffe89280000 - 0x00007ffe892a7000 	C:\Windows\System32\bcrypt.dll
0x00007ffe8a920000 - 0x00007ffe8aabd000 	C:\Windows\System32\USER32.dll
0x00007ffe89760000 - 0x00007ffe89782000 	C:\Windows\System32\win32u.dll
0x00007ffe8b600000 - 0x00007ffe8b62b000 	C:\Windows\System32\GDI32.dll
0x00007ffe88f70000 - 0x00007ffe89087000 	C:\Windows\System32\gdi32full.dll
0x00007ffe89090000 - 0x00007ffe8912d000 	C:\Windows\System32\msvcp_win.dll
0x00007ffe81390000 - 0x00007ffe813ab000 	C:\Program Files\Java\jdk-21\bin\VCRUNTIME140.dll
0x00007ffe6e670000 - 0x00007ffe6e90a000 	C:\Windows\WinSxS\amd64_microsoft.windows.common-controls_6595b64144ccf1df_6.0.19041.4355_none_60b8b9eb71f62e16\COMCTL32.dll
0x00007ffe888c0000 - 0x00007ffe888ca000 	C:\Windows\SYSTEM32\VERSION.dll
0x00007ffe8af80000 - 0x00007ffe8afaf000 	C:\Windows\System32\IMM32.DLL
0x0000000057250000 - 0x000000005725c000 	C:\Program Files (x86)\360\Total Security\safemon\SafeWrapper.dll
0x00007ffe41830000 - 0x00007ffe418dc000 	C:\Program Files (x86)\360\Total Security\safemon\libzdtp64.dll
0x00007ffe8a050000 - 0x00007ffe8a7bf000 	C:\Windows\System32\SHELL32.dll
0x00007ffe8b6d0000 - 0x00007ffe8b725000 	C:\Windows\System32\SHLWAPI.dll
0x00007ffe82100000 - 0x00007ffe8210c000 	C:\Program Files\Java\jdk-21\bin\vcruntime140_1.dll
0x00007ffe69e20000 - 0x00007ffe69eae000 	C:\Program Files\Java\jdk-21\bin\msvcp140.dll
0x00007ffe030f0000 - 0x00007ffe03e05000 	C:\Program Files\Java\jdk-21\bin\server\jvm.dll
0x00007ffe89fe0000 - 0x00007ffe8a04b000 	C:\Windows\System32\WS2_32.dll
0x00007ffe88c70000 - 0x00007ffe88cbb000 	C:\Windows\SYSTEM32\POWRPROF.dll
0x00007ffe71840000 - 0x00007ffe71867000 	C:\Windows\SYSTEM32\WINMM.dll
0x00007ffe88c50000 - 0x00007ffe88c62000 	C:\Windows\SYSTEM32\UMPDC.dll
0x00007ffe87580000 - 0x00007ffe87592000 	C:\Windows\SYSTEM32\kernel.appcore.dll
0x00007ffe81a30000 - 0x00007ffe81a3a000 	C:\Program Files\Java\jdk-21\bin\jimage.dll
0x00007ffe87250000 - 0x00007ffe87434000 	C:\Windows\SYSTEM32\DBGHELP.DLL
0x00007ffe80550000 - 0x00007ffe80584000 	C:\Windows\SYSTEM32\dbgcore.DLL
0x00007ffe891f0000 - 0x00007ffe89272000 	C:\Windows\System32\bcryptPrimitives.dll
0x00007ffe81370000 - 0x00007ffe8137f000 	C:\Program Files\Java\jdk-21\bin\instrument.dll
0x00007ffe80b70000 - 0x00007ffe80b8f000 	C:\Program Files\Java\jdk-21\bin\java.dll
0x00007ffe86a90000 - 0x00007ffe87234000 	C:\Windows\SYSTEM32\windows.storage.dll
0x00007ffe8b180000 - 0x00007ffe8b4d3000 	C:\Windows\System32\combase.dll
0x00007ffe88700000 - 0x00007ffe8872e000 	C:\Windows\SYSTEM32\Wldp.dll
0x00007ffe8ab20000 - 0x00007ffe8abed000 	C:\Windows\System32\OLEAUT32.dll
0x00007ffe89850000 - 0x00007ffe898fd000 	C:\Windows\System32\SHCORE.dll
0x00007ffe88d40000 - 0x00007ffe88d64000 	C:\Windows\SYSTEM32\profapi.dll
0x00007ffe69d40000 - 0x00007ffe69e17000 	C:\Program Files\Java\jdk-21\bin\jsvml.dll

dbghelp: loaded successfully - version: 4.0.5 - missing functions: none
symbol engine: initialized successfully - sym options: 0x614 - pdb path: .;C:\Program Files\Java\jdk-21\bin;C:\Windows\SYSTEM32;C:\Windows\WinSxS\amd64_microsoft.windows.common-controls_6595b64144ccf1df_6.0.19041.4355_none_60b8b9eb71f62e16;C:\Program Files (x86)\360\Total Security\safemon;C:\Program Files\Java\jdk-21\bin\server

VM Arguments:
jvm_args: --add-modules=ALL-SYSTEM --add-opens=java.base/java.util=ALL-UNNAMED --add-opens=java.base/java.lang=ALL-UNNAMED --add-opens=java.base/sun.nio.fs=ALL-UNNAMED -Declipse.application=org.eclipse.jdt.ls.core.id1 -Dosgi.bundles.defaultStartLevel=4 -Declipse.product=org.eclipse.jdt.ls.core.product -Djava.import.generatesMetadataFilesAtProjectRoot=true -DDetectVMInstallationsJob.disabled=true -Dfile.encoding=utf8 -XX:+UseParallelGC -XX:GCTimeRatio=4 -XX:AdaptiveSizePolicyWeight=90 -Dsun.zip.disableMemoryMapping=true -Xmx1G -Xms100m -Xlog:disable -javaagent:c:\Users\dell\.vscode\extensions\redhat.java-1.28.1-win32-x64\lombok\lombok-1.18.31.jar 
java_command: c:\Users\dell\.vscode\extensions\redhat.java-1.28.1-win32-x64\server\plugins\org.eclipse.equinox.launcher_1.6.700.v20231214-2017.jar -configuration c:\Users\dell\AppData\Roaming\Code\User\globalStorage\redhat.java\1.28.1\config_ss_win -data c:\Users\dell\AppData\Roaming\Code\User\workspaceStorage\e616488c58e24c81e14793c0835c84d8\redhat.java\ss_ws --stdio
java_class_path (initial): c:\Users\dell\.vscode\extensions\redhat.java-1.28.1-win32-x64\server\plugins\org.eclipse.equinox.launcher_1.6.700.v20231214-2017.jar
Launcher Type: SUN_STANDARD

[Global flags]
    uintx AdaptiveSizePolicyWeight                 = 90                                        {product} {command line}
     intx CICompilerCount                          = 3                                         {product} {ergonomic}
    uintx GCTimeRatio                              = 4                                         {product} {command line}
   size_t InitialHeapSize                          = 104857600                                 {product} {command line}
   size_t MaxHeapSize                              = 1073741824                                {product} {command line}
   size_t MaxNewSize                               = 357564416                                 {product} {ergonomic}
   size_t MinHeapDeltaBytes                        = 524288                                    {product} {ergonomic}
   size_t MinHeapSize                              = 104857600                                 {product} {command line}
   size_t NewSize                                  = 34603008                                  {product} {ergonomic}
    uintx NonNMethodCodeHeapSize                   = 5832780                                {pd product} {ergonomic}
    uintx NonProfiledCodeHeapSize                  = 122912730                              {pd product} {ergonomic}
   size_t OldSize                                  = 70254592                                  {product} {ergonomic}
    uintx ProfiledCodeHeapSize                     = 122912730                              {pd product} {ergonomic}
    uintx ReservedCodeCacheSize                    = 251658240                              {pd product} {ergonomic}
     bool SegmentedCodeCache                       = true                                      {product} {ergonomic}
   size_t SoftMaxHeapSize                          = 1073741824                             {manageable} {ergonomic}
     bool UseCompressedOops                        = true                           {product lp64_product} {ergonomic}
     bool UseLargePagesIndividualAllocation        = false                                  {pd product} {ergonomic}
     bool UseParallelGC                            = true                                      {product} {command line}

Logging:
Log output configuration:
 #0: stdout all=off uptime,level,tags foldmultilines=false
 #1: stderr all=off uptime,level,tags foldmultilines=false

Environment Variables:
PATH=C:\Program Files\Common Files\Oracle\Java\javapath;C:\Program Files (x86)\Common Files\Oracle\Java\java8path;C:\Program Files (x86)\Common Files\Oracle\Java\javapath;C:\Windows\system32;C:\Windows;C:\Windows\System32\Wbem;C:\Windows\System32\WindowsPowerShell\v1.0\;C:\Windows\System32\OpenSSH\;C:\MinGW\bin;C:\Program Files\dotnet\;C:\Program Files\nodejs\;C:\Program Files\Docker\Docker\resources\bin;C:\Xampp\mysql\bin;D:\Git\cmd;C:\Users\dell\AppData\Local\Programs\Python\Python312\Scripts\;C:\Users\dell\AppData\Local\Programs\Python\Python312\;C:\Program Files\MySQL\MySQL Shell 8.0\bin\;C:\Users\dell\AppData\Local\Microsoft\WindowsApps;D:\data\Microsoft VS Code\Microsoft VS Code\bin;D:\IntelliJ IDEA 2023.3.2\bin;;C:\Users\dell\AppData\Local\Programs\Microsoft VS Code\bin;C:\flutterdev\flutter\bin;C:\Users\dell\AppData\Roaming\npm;C:\Users\dell\AppData\Local\Programs\mongosh\
USERNAME=dell
OS=Windows_NT
PROCESSOR_IDENTIFIER=Intel64 Family 6 Model 78 Stepping 3, GenuineIntel
TMP=C:\Users\dell\AppData\Local\Temp
TEMP=C:\Users\dell\AppData\Local\Temp




Periodic native trim disabled

---------------  S Y S T E M  ---------------

OS:
 Windows 10 , 64 bit Build 19041 (10.0.19041.4957)
OS uptime: 1 days 1:05 hours
Hyper-V role detected

CPU: total 4 (initial active 4) (2 cores per cpu, 2 threads per core) family 6 model 78 stepping 3 microcode 0xf0, cx8, cmov, fxsr, ht, mmx, 3dnowpref, sse, sse2, sse3, ssse3, sse4.1, sse4.2, popcnt, lzcnt, tsc, tscinvbit, avx, avx2, aes, erms, clmul, bmi1, bmi2, rtm, adx, fma, vzeroupper, clflush, clflushopt, hv, rdtscp, f16c
Processor Information for processor 0
  Max Mhz: 2501, Current Mhz: 1500, Mhz Limit: 2501
Processor Information for processor 1
  Max Mhz: 2501, Current Mhz: 2501, Mhz Limit: 2501
Processor Information for processor 2
  Max Mhz: 2501, Current Mhz: 1500, Mhz Limit: 2501
Processor Information for processor 3
  Max Mhz: 2501, Current Mhz: 2501, Mhz Limit: 2501

Memory: 4k page, system-wide physical 16275M (3350M free)
TotalPageFile size 16275M (AvailPageFile size 163M)
current process WorkingSet (physical memory assigned to process): 34M, peak: 34M
current process commit charge ("private bytes"): 175M, peak: 175M

vm_info: Java HotSpot(TM) 64-Bit Server VM (21.0.1+12-LTS-29) for windows-amd64 JRE (21.0.1+12-LTS-29), built on 2023-10-05T13:27:09Z by "mach5one" with MS VC++ 17.1 (VS2022)

END.
