#
# There is insufficient memory for the Java Runtime Environment to continue.
# Native memory allocation (malloc) failed to allocate 264496 bytes for Chunk::new
# Possible reasons:
#   The system is out of physical RAM or swap space
#   The process is running with CompressedOops enabled, and the Java Heap may be blocking the growth of the native heap
# Possible solutions:
#   Reduce memory load on the system
#   Increase physical memory or swap space
#   Check if swap backing store is full
#   Decrease Java heap size (-Xmx/-Xms)
#   Decrease number of Java threads
#   Decrease Java thread stack sizes (-Xss)
#   Set larger code cache with -XX:ReservedCodeCacheSize=
#   JVM is running with Unscaled Compressed Oops mode in which the Java heap is
#     placed in the first 4GB address space. The Java Heap base address is the
#     maximum limit for the native heap growth. Please use -XX:HeapBaseMinAddress
#     to set the Java Heap base and to place the Java Heap above 4GB virtual address.
# This output file may be truncated or incomplete.
#
#  Out of Memory Error (arena.cpp:168), pid=18252, tid=16032
#
# JRE version: Java(TM) SE Runtime Environment (21.0.1+12) (build 21.0.1+12-LTS-29)
# Java VM: Java HotSpot(TM) 64-Bit Server VM (21.0.1+12-LTS-29, mixed mode, sharing, tiered, compressed oops, compressed class ptrs, parallel gc, windows-amd64)
# No core dump will be written. Minidumps are not enabled by default on client versions of Windows
#

---------------  S U M M A R Y ------------

Command Line: --add-modules=ALL-SYSTEM --add-opens=java.base/java.util=ALL-UNNAMED --add-opens=java.base/java.lang=ALL-UNNAMED --add-opens=java.base/sun.nio.fs=ALL-UNNAMED -Declipse.application=org.eclipse.jdt.ls.core.id1 -Dosgi.bundles.defaultStartLevel=4 -Declipse.product=org.eclipse.jdt.ls.core.product -Djava.import.generatesMetadataFilesAtProjectRoot=true -DDetectVMInstallationsJob.disabled=true -Dfile.encoding=utf8 -XX:+UseParallelGC -XX:GCTimeRatio=4 -XX:AdaptiveSizePolicyWeight=90 -Dsun.zip.disableMemoryMapping=true -Xmx1G -Xms100m -Xlog:disable -javaagent:c:\Users\dell\.vscode\extensions\redhat.java-1.28.1-win32-x64\lombok\lombok-1.18.31.jar c:\Users\dell\.vscode\extensions\redhat.java-1.28.1-win32-x64\server\plugins\org.eclipse.equinox.launcher_1.6.700.v20231214-2017.jar -configuration c:\Users\dell\AppData\Roaming\Code\User\globalStorage\redhat.java\1.28.1\config_ss_win -data c:\Users\dell\AppData\Roaming\Code\User\workspaceStorage\e616488c58e24c81e14793c0835c84d8\redhat.java\ss_ws --stdio

Host: Intel(R) Core(TM) i5-6300U CPU @ 2.40GHz, 4 cores, 15G,  Windows 10 , 64 bit Build 19041 (10.0.19041.4842)
Time: Mon Oct  7 22:15:02 2024 India Standard Time elapsed time: 2.136253 seconds (0d 0h 0m 2s)

---------------  T H R E A D  ---------------

Current thread (0x000001df77f0f3e0):  JavaThread "C2 CompilerThread0" daemon [_thread_in_native, id=16032, stack(0x0000007f7ad00000,0x0000007f7ae00000) (1024K)]


Current CompileTask:
C2:   2136  818   !   4       java.util.jar.Attributes::read (494 bytes)

Stack: [0x0000007f7ad00000,0x0000007f7ae00000]
Native frames: (J=compiled Java code, j=interpreted, Vv=VM code, C=native code)
V  [jvm.dll+0x6c9029]
V  [jvm.dll+0x854b81]
V  [jvm.dll+0x856e5e]
V  [jvm.dll+0x857543]
V  [jvm.dll+0x280c06]
V  [jvm.dll+0xc3ead]
V  [jvm.dll+0xc43c3]
V  [jvm.dll+0x2f3f3f]
V  [jvm.dll+0x5f40a6]
V  [jvm.dll+0x252bef]
V  [jvm.dll+0x252fbf]
V  [jvm.dll+0x24b734]
V  [jvm.dll+0x248fa3]
V  [jvm.dll+0x1c9ca1]
V  [jvm.dll+0x2586b9]
V  [jvm.dll+0x256c9a]
V  [jvm.dll+0x3ef1b6]
V  [jvm.dll+0x7fd728]
V  [jvm.dll+0x6c777d]
C  [ucrtbase.dll+0x21bb2]
C  [KERNEL32.DLL+0x17374]
C  [ntdll.dll+0x4cc91]


---------------  P R O C E S S  ---------------

Threads class SMR info:
_java_thread_list=0x000001df7d4ccb10, length=12, elements={
0x000001df5c71f840, 0x000001df77efddc0, 0x000001df77f02920, 0x000001df77f048c0,
0x000001df77f057e0, 0x000001df77f06700, 0x000001df77f0a580, 0x000001df77f0f3e0,
0x000001df77f804d0, 0x000001df5e9d96b0, 0x000001df7d2a8430, 0x000001df7d2a5200
}

Java Threads: ( => current thread )
  0x000001df5c71f840 JavaThread "main"                              [_thread_in_Java, id=16756, stack(0x0000007f7a300000,0x0000007f7a400000) (1024K)]
  0x000001df77efddc0 JavaThread "Reference Handler"          daemon [_thread_blocked, id=12584, stack(0x0000007f7a700000,0x0000007f7a800000) (1024K)]
  0x000001df77f02920 JavaThread "Finalizer"                  daemon [_thread_blocked, id=4612, stack(0x0000007f7a800000,0x0000007f7a900000) (1024K)]
  0x000001df77f048c0 JavaThread "Signal Dispatcher"          daemon [_thread_blocked, id=6032, stack(0x0000007f7a900000,0x0000007f7aa00000) (1024K)]
  0x000001df77f057e0 JavaThread "Attach Listener"            daemon [_thread_blocked, id=17004, stack(0x0000007f7aa00000,0x0000007f7ab00000) (1024K)]
  0x000001df77f06700 JavaThread "Service Thread"             daemon [_thread_blocked, id=16172, stack(0x0000007f7ab00000,0x0000007f7ac00000) (1024K)]
  0x000001df77f0a580 JavaThread "Monitor Deflation Thread"   daemon [_thread_blocked, id=13016, stack(0x0000007f7ac00000,0x0000007f7ad00000) (1024K)]
=>0x000001df77f0f3e0 JavaThread "C2 CompilerThread0"         daemon [_thread_in_native, id=16032, stack(0x0000007f7ad00000,0x0000007f7ae00000) (1024K)]
  0x000001df77f804d0 JavaThread "C1 CompilerThread0"         daemon [_thread_blocked, id=9740, stack(0x0000007f7ae00000,0x0000007f7af00000) (1024K)]
  0x000001df5e9d96b0 JavaThread "Common-Cleaner"             daemon [_thread_blocked, id=8508, stack(0x0000007f7af00000,0x0000007f7b000000) (1024K)]
  0x000001df7d2a8430 JavaThread "Notification Thread"        daemon [_thread_blocked, id=18316, stack(0x0000007f7b000000,0x0000007f7b100000) (1024K)]
  0x000001df7d2a5200 JavaThread "C2 CompilerThread1"         daemon [_thread_in_native, id=8488, stack(0x0000007f7b100000,0x0000007f7b200000) (1024K)]
Total: 12

Other Threads:
  0x000001df5ea14810 VMThread "VM Thread"                           [id=19112, stack(0x0000007f7a600000,0x0000007f7a700000) (1024K)]
  0x000001df5e9d70f0 WatcherThread "VM Periodic Task Thread"        [id=15200, stack(0x0000007f7a500000,0x0000007f7a600000) (1024K)]
  0x000001df5e98a960 WorkerThread "GC Thread#0"                     [id=2040, stack(0x0000007f7a400000,0x0000007f7a500000) (1024K)]
Total: 3

Threads with active compile tasks:
C2 CompilerThread0     2207  818   !   4       java.util.jar.Attributes::read (494 bytes)
C2 CompilerThread1     2207  849 %     4       sun.security.provider.SHA5::implCompress0 @ 157 (346 bytes)
Total: 2

VM state: not at safepoint (normal execution)

VM Mutex/Monitor currently owned by a thread: None

Heap address: 0x00000000c0000000, size: 1024 MB, Compressed Oops mode: 32-bit

CDS archive(s) mapped at: [0x000001df00000000-0x000001df00c90000-0x000001df00c90000), size 13172736, SharedBaseAddress: 0x000001df00000000, ArchiveRelocationMode: 1.
Compressed class space mapped at: 0x000001df01000000-0x000001df41000000, reserved size: 1073741824
Narrow klass base: 0x000001df00000000, Narrow klass shift: 0, Narrow klass range: 0x100000000

GC Precious Log:
 CardTable entry size: 512
 CPUs: 4 total, 4 available
 Memory: 16275M
 Large Page Support: Disabled
 NUMA Support: Disabled
 Compressed Oops: Enabled (32-bit)
 Alignments: Space 512K, Generation 512K, Heap 2M
 Heap Min Capacity: 100M
 Heap Initial Capacity: 100M
 Heap Max Capacity: 1G
 Pre-touch: Disabled
 Parallel Workers: 4

Heap:
 PSYoungGen      total 29696K, used 18231K [0x00000000eab00000, 0x00000000ecc00000, 0x0000000100000000)
  eden space 25600K, 71% used [0x00000000eab00000,0x00000000ebccdd28,0x00000000ec400000)
  from space 4096K, 0% used [0x00000000ec800000,0x00000000ec800000,0x00000000ecc00000)
  to   space 4096K, 0% used [0x00000000ec400000,0x00000000ec400000,0x00000000ec800000)
 ParOldGen       total 68608K, used 0K [0x00000000c0000000, 0x00000000c4300000, 0x00000000eab00000)
  object space 68608K, 0% used [0x00000000c0000000,0x00000000c0000000,0x00000000c4300000)
 Metaspace       used 3278K, committed 3456K, reserved 1114112K
  class space    used 307K, committed 384K, reserved 1048576K

Card table byte_map: [0x000001df5e300000,0x000001df5e510000] _byte_map_base: 0x000001df5dd00000

Marking Bits: (ParMarkBitMap*) 0x00007ff910e4f550
 Begin Bits: [0x000001df75db0000, 0x000001df76db0000)
 End Bits:   [0x000001df76db0000, 0x000001df77db0000)

Polling page: 0x000001df5c8d0000

Metaspace:

Usage:
  Non-class:      2.90 MB used.
      Class:    307.55 KB used.
       Both:      3.20 MB used.

Virtual space:
  Non-class space:       64.00 MB reserved,       3.00 MB (  5%) committed,  1 nodes.
      Class space:        1.00 GB reserved,     384.00 KB ( <1%) committed,  1 nodes.
             Both:        1.06 GB reserved,       3.38 MB ( <1%) committed. 

Chunk freelists:
   Non-Class:  11.56 MB
       Class:  15.66 MB
        Both:  27.23 MB

MaxMetaspaceSize: unlimited
CompressedClassSpaceSize: 1.00 GB
Initial GC threshold: 21.00 MB
Current GC threshold: 21.00 MB
CDS: on
 - commit_granule_bytes: 65536.
 - commit_granule_words: 8192.
 - virtual_space_node_default_size: 8388608.
 - enlarge_chunks_in_place: 1.
 - use_allocation_guard: 0.


Internal statistics:

num_allocs_failed_limit: 0.
num_arena_births: 82.
num_arena_deaths: 0.
num_vsnodes_births: 2.
num_vsnodes_deaths: 0.
num_space_committed: 54.
num_space_uncommitted: 0.
num_chunks_returned_to_freelist: 0.
num_chunks_taken_from_freelist: 109.
num_chunk_merges: 0.
num_chunk_splits: 76.
num_chunks_enlarged: 49.
num_inconsistent_stats: 0.

CodeHeap 'non-profiled nmethods': size=120000Kb used=355Kb max_used=355Kb free=119644Kb
 bounds [0x000001df6e880000, 0x000001df6eaf0000, 0x000001df75db0000]
CodeHeap 'profiled nmethods': size=120000Kb used=1400Kb max_used=1400Kb free=118599Kb
 bounds [0x000001df66db0000, 0x000001df67020000, 0x000001df6e2e0000]
CodeHeap 'non-nmethods': size=5760Kb used=1183Kb max_used=1206Kb free=4576Kb
 bounds [0x000001df6e2e0000, 0x000001df6e550000, 0x000001df6e880000]
 total_blobs=1291 nmethods=850 adapters=348
 compilation: enabled
              stopped_count=0, restarted_count=0
 full_count=0

Compilation events (20 events):
Event: 2.070 Thread 0x000001df77f804d0  810       3       sun.security.util.ManifestDigester$Entry::addSection (13 bytes)
Event: 2.070 Thread 0x000001df77f804d0 nmethod 810 0x000001df66efca10 code [0x000001df66efcbc0, 0x000001df66efcda0]
Event: 2.070 Thread 0x000001df77f804d0  811       3       sun.security.util.ManifestDigester::isNameAttr (102 bytes)
Event: 2.071 Thread 0x000001df77f804d0 nmethod 811 0x000001df66efce90 code [0x000001df66efd060, 0x000001df66efd4b8]
Event: 2.071 Thread 0x000001df77f804d0  813       3       sun.security.util.ManifestDigester$$Lambda/0x000001df0104d348::apply (8 bytes)
Event: 2.072 Thread 0x000001df77f804d0 nmethod 813 0x000001df66efd610 code [0x000001df66efd800, 0x000001df66efdd90]
Event: 2.074 Thread 0x000001df77f804d0  814       3       jdk.internal.misc.Unsafe::getLongUnaligned (173 bytes)
Event: 2.075 Thread 0x000001df77f804d0 nmethod 814 0x000001df66efdf90 code [0x000001df66efe180, 0x000001df66efe5b8]
Event: 2.076 Thread 0x000001df77f0f3e0 nmethod 812% 0x000001df6e8d2290 code [0x000001df6e8d2440, 0x000001df6e8d2810]
Event: 2.077 Thread 0x000001df7d2a5200  816       4       java.util.HashMap::getNode (150 bytes)
Event: 2.087 Thread 0x000001df7d2a5200 nmethod 816 0x000001df6e8d2a90 code [0x000001df6e8d2c60, 0x000001df6e8d3028]
Event: 2.088 Thread 0x000001df77f804d0  817       3       java.lang.String::<init> (16 bytes)
Event: 2.088 Thread 0x000001df77f0f3e0  818   !   4       java.util.jar.Attributes::read (494 bytes)
Event: 2.089 Thread 0x000001df77f804d0 nmethod 817 0x000001df66efe690 code [0x000001df66efe860, 0x000001df66efeb20]
Event: 2.089 Thread 0x000001df7d2a5200  819   !   4       java.lang.String::<init> (893 bytes)
Event: 2.112 Thread 0x000001df77f804d0  821  s    1       java.io.ByteArrayOutputStream::size (5 bytes)
Event: 2.112 Thread 0x000001df77f804d0 nmethod 821 0x000001df6e8d3310 code [0x000001df6e8d34a0, 0x000001df6e8d3628]
Event: 2.113 Thread 0x000001df77f804d0  822       1       sun.security.util.DerOutputStream::buf (5 bytes)
Event: 2.113 Thread 0x000001df77f804d0 nmethod 822 0x000001df6e8d3690 code [0x000001df6e8d3820, 0x000001df6e8d38e8]
Event: 2.130 Thread 0x000001df7d2a5200 nmethod 819 0x000001df6e8d3990 code [0x000001df6e8d3c40, 0x000001df6e8d4e78]

GC Heap History (0 events):
No events

Dll operation events (9 events):
Event: 0.015 Loaded shared library C:\Program Files\Java\jdk-21\bin\java.dll
Event: 0.085 Loaded shared library C:\Program Files\Java\jdk-21\bin\jsvml.dll
Event: 0.231 Loaded shared library C:\Program Files\Java\jdk-21\bin\zip.dll
Event: 0.241 Loaded shared library C:\Program Files\Java\jdk-21\bin\instrument.dll
Event: 0.249 Loaded shared library C:\Program Files\Java\jdk-21\bin\net.dll
Event: 0.252 Loaded shared library C:\Program Files\Java\jdk-21\bin\nio.dll
Event: 0.258 Loaded shared library C:\Program Files\Java\jdk-21\bin\zip.dll
Event: 0.304 Loaded shared library C:\Program Files\Java\jdk-21\bin\jimage.dll
Event: 0.609 Loaded shared library C:\Program Files\Java\jdk-21\bin\verify.dll

Deoptimization events (20 events):
Event: 0.976 Thread 0x000001df5c71f840 DEOPT PACKING pc=0x000001df66df9970 sp=0x0000007f7a3fc1c0
Event: 0.976 Thread 0x000001df5c71f840 DEOPT UNPACKING pc=0x000001df6e334242 sp=0x0000007f7a3fb680 mode 0
Event: 0.978 Thread 0x000001df5c71f840 DEOPT PACKING pc=0x000001df66df9970 sp=0x0000007f7a3fb440
Event: 0.978 Thread 0x000001df5c71f840 DEOPT UNPACKING pc=0x000001df6e334242 sp=0x0000007f7a3fa900 mode 0
Event: 1.274 Thread 0x000001df5c71f840 Uncommon trap: trap_request=0xffffff45 fr.pc=0x000001df6e8a0504 relative=0x00000000000000e4
Event: 1.274 Thread 0x000001df5c71f840 Uncommon trap: reason=unstable_if action=reinterpret pc=0x000001df6e8a0504 method=java.net.URI.match(CJJ)Z @ 45 c2
Event: 1.274 Thread 0x000001df5c71f840 DEOPT PACKING pc=0x000001df6e8a0504 sp=0x0000007f7a3fd040
Event: 1.274 Thread 0x000001df5c71f840 DEOPT UNPACKING pc=0x000001df6e333aa2 sp=0x0000007f7a3fcfa8 mode 2
Event: 1.490 Thread 0x000001df5c71f840 Uncommon trap: trap_request=0xffffff45 fr.pc=0x000001df6e89fbc0 relative=0x00000000000001a0
Event: 1.490 Thread 0x000001df5c71f840 Uncommon trap: reason=unstable_if action=reinterpret pc=0x000001df6e89fbc0 method=java.lang.StringUTF16.compress([CI[BII)I @ 20 c2
Event: 1.490 Thread 0x000001df5c71f840 DEOPT PACKING pc=0x000001df6e89fbc0 sp=0x0000007f7a3fb910
Event: 1.490 Thread 0x000001df5c71f840 DEOPT UNPACKING pc=0x000001df6e333aa2 sp=0x0000007f7a3fb880 mode 2
Event: 1.862 Thread 0x000001df5c71f840 Uncommon trap: trap_request=0xffffff45 fr.pc=0x000001df6e8ad504 relative=0x0000000000000624
Event: 1.862 Thread 0x000001df5c71f840 Uncommon trap: reason=unstable_if action=reinterpret pc=0x000001df6e8ad504 method=java.lang.AbstractStringBuilder.append(Ljava/lang/String;)Ljava/lang/AbstractStringBuilder; @ 1 c2
Event: 1.862 Thread 0x000001df5c71f840 DEOPT PACKING pc=0x000001df6e8ad504 sp=0x0000007f7a3fdda0
Event: 1.862 Thread 0x000001df5c71f840 DEOPT UNPACKING pc=0x000001df6e333aa2 sp=0x0000007f7a3fdd30 mode 2
Event: 2.112 Thread 0x000001df5c71f840 Uncommon trap: trap_request=0xffffffc6 fr.pc=0x000001df6e8d2f8c relative=0x000000000000032c
Event: 2.112 Thread 0x000001df5c71f840 Uncommon trap: reason=bimorphic_or_optimized_type_check action=maybe_recompile pc=0x000001df6e8d2f8c method=java.util.HashMap.getNode(Ljava/lang/Object;)Ljava/util/HashMap$Node; @ 128 c2
Event: 2.112 Thread 0x000001df5c71f840 DEOPT PACKING pc=0x000001df6e8d2f8c sp=0x0000007f7a3fe340
Event: 2.112 Thread 0x000001df5c71f840 DEOPT UNPACKING pc=0x000001df6e333aa2 sp=0x0000007f7a3fe2b8 mode 2

Classes loaded (20 events):
Event: 1.944 Loading class sun/nio/fs/WindowsFileSystemProvider$1
Event: 1.944 Loading class sun/nio/fs/WindowsFileSystemProvider$1 done
Event: 1.944 Loading class sun/nio/fs/WindowsLinkSupport
Event: 1.944 Loading class sun/nio/fs/WindowsLinkSupport done
Event: 1.945 Loading class sun/nio/fs/WindowsAclFileAttributeView
Event: 1.945 Loading class sun/nio/fs/AbstractAclFileAttributeView
Event: 1.945 Loading class java/nio/file/attribute/AclFileAttributeView
Event: 1.945 Loading class java/nio/file/attribute/FileOwnerAttributeView
Event: 1.945 Loading class java/nio/file/attribute/FileOwnerAttributeView done
Event: 1.945 Loading class java/nio/file/attribute/AclFileAttributeView done
Event: 1.945 Loading class sun/nio/fs/AbstractAclFileAttributeView done
Event: 1.945 Loading class sun/nio/fs/WindowsAclFileAttributeView done
Event: 1.946 Loading class sun/nio/fs/WindowsSecurity
Event: 1.946 Loading class sun/nio/fs/WindowsSecurity done
Event: 1.954 Loading class sun/nio/fs/WindowsFileStore
Event: 1.955 Loading class java/nio/file/FileStore
Event: 1.955 Loading class java/nio/file/FileStore done
Event: 1.955 Loading class sun/nio/fs/WindowsFileStore done
Event: 1.962 Loading class java/net/URLClassLoader$1
Event: 1.962 Loading class java/net/URLClassLoader$1 done

Classes unloaded (0 events):
No events

Classes redefined (0 events):
No events

Internal exceptions (19 events):
Event: 0.177 Thread 0x000001df5c71f840 Exception <a 'java/lang/NoSuchMethodError'{0x00000000ead26e48}: 'void java.lang.invoke.DirectMethodHandle$Holder.invokeStatic(java.lang.Object, java.lang.Object, java.lang.Object)'> (0x00000000ead26e48) 
thrown [s\open\src\hotspot\share\interpreter\linkResolver.cpp, line 773]
Event: 0.293 Thread 0x000001df5c71f840 Exception <a 'java/lang/NoSuchMethodError'{0x00000000eae94360}: 'java.lang.Object java.lang.invoke.Invokers$Holder.invokeExact_MT(java.lang.Object, java.lang.Object, java.lang.Object, java.lang.Object, java.lang.Object)'> (0x00000000eae94360) 
thrown [s\open\src\hotspot\share\interpreter\linkResolver.cpp, line 773]
Event: 0.388 Thread 0x000001df5c71f840 Exception <a 'java/lang/NoSuchMethodError'{0x00000000eaf4bae8}: 'int java.lang.invoke.DirectMethodHandle$Holder.invokeSpecial(java.lang.Object, java.lang.Object, java.lang.Object, int)'> (0x00000000eaf4bae8) 
thrown [s\open\src\hotspot\share\interpreter\linkResolver.cpp, line 773]
Event: 0.402 Thread 0x000001df5c71f840 Exception <a 'java/lang/NoSuchMethodError'{0x00000000eaf5e110}: 'java.lang.Object java.lang.invoke.DirectMethodHandle$Holder.invokeStatic(java.lang.Object, java.lang.Object, java.lang.Object, java.lang.Object, int)'> (0x00000000eaf5e110) 
thrown [s\open\src\hotspot\share\interpreter\linkResolver.cpp, line 773]
Event: 0.406 Thread 0x000001df5c71f840 Exception <a 'java/lang/NoSuchMethodError'{0x00000000eaf69308}: 'void java.lang.invoke.DelegatingMethodHandle$Holder.reinvoke_L(java.lang.Object, java.lang.Object, java.lang.Object, int, java.lang.Object)'> (0x00000000eaf69308) 
thrown [s\open\src\hotspot\share\interpreter\linkResolver.cpp, line 773]
Event: 0.409 Thread 0x000001df5c71f840 Exception <a 'java/lang/NoSuchMethodError'{0x00000000eaf747c8}: 'int java.lang.invoke.DirectMethodHandle$Holder.invokeSpecial(java.lang.Object, java.lang.Object, java.lang.Object)'> (0x00000000eaf747c8) 
thrown [s\open\src\hotspot\share\interpreter\linkResolver.cpp, line 773]
Event: 0.414 Thread 0x000001df5c71f840 Exception <a 'java/lang/NoSuchMethodError'{0x00000000eaf85410}: 'java.lang.Object java.lang.invoke.DirectMethodHandle$Holder.invokeStatic(java.lang.Object, java.lang.Object, int)'> (0x00000000eaf85410) 
thrown [s\open\src\hotspot\share\interpreter\linkResolver.cpp, line 773]
Event: 0.416 Thread 0x000001df5c71f840 Exception <a 'java/lang/NoSuchMethodError'{0x00000000eaf89b40}: 'void java.lang.invoke.DirectMethodHandle$Holder.invokeStatic(java.lang.Object, java.lang.Object, int, java.lang.Object)'> (0x00000000eaf89b40) 
thrown [s\open\src\hotspot\share\interpreter\linkResolver.cpp, line 773]
Event: 0.417 Thread 0x000001df5c71f840 Exception <a 'java/lang/NoSuchMethodError'{0x00000000eaf8d660}: 'void java.lang.invoke.DirectMethodHandle$Holder.invokeSpecial(java.lang.Object, java.lang.Object, java.lang.Object, int, java.lang.Object)'> (0x00000000eaf8d660) 
thrown [s\open\src\hotspot\share\interpreter\linkResolver.cpp, line 773]
Event: 0.418 Thread 0x000001df5c71f840 Exception <a 'java/lang/NoSuchMethodError'{0x00000000eaf90ab0}: 'void java.lang.invoke.DelegatingMethodHandle$Holder.delegate(java.lang.Object, java.lang.Object, int, java.lang.Object)'> (0x00000000eaf90ab0) 
thrown [s\open\src\hotspot\share\interpreter\linkResolver.cpp, line 773]
Event: 0.717 Thread 0x000001df5c71f840 Exception <a 'java/lang/NoSuchMethodError'{0x00000000eb14b008}: 'void java.lang.invoke.DelegatingMethodHandle$Holder.reinvoke_L(java.lang.Object, java.lang.Object, java.lang.Object, int)'> (0x00000000eb14b008) 
thrown [s\open\src\hotspot\share\interpreter\linkResolver.cpp, line 773]
Event: 1.185 Thread 0x000001df5c71f840 Exception <a 'java/lang/NoSuchMethodError'{0x00000000eb5e8820}: 'void java.lang.invoke.DirectMethodHandle$Holder.invokeVirtual(java.lang.Object, java.lang.Object)'> (0x00000000eb5e8820) 
thrown [s\open\src\hotspot\share\interpreter\linkResolver.cpp, line 773]
Event: 1.842 Thread 0x000001df5c71f840 Exception <a 'java/lang/ClassNotFoundException'{0x00000000eb9a23f8}: sun/net/www/protocol/c/Handler> (0x00000000eb9a23f8) 
thrown [s\open\src\hotspot\share\classfile\systemDictionary.cpp, line 312]
Event: 1.846 Thread 0x000001df5c71f840 Exception <a 'java/io/FileNotFoundException'{0x00000000eb9b8420}> (0x00000000eb9b8420) 
thrown [s\open\src\hotspot\share\prims\jni.cpp, line 520]
Event: 1.846 Thread 0x000001df5c71f840 Exception <a 'java/io/FileNotFoundException'{0x00000000eb9b9140}> (0x00000000eb9b9140) 
thrown [s\open\src\hotspot\share\prims\jni.cpp, line 520]
Event: 1.851 Thread 0x000001df5c71f840 Exception <a 'java/io/FileNotFoundException'{0x00000000eb9b9e40}> (0x00000000eb9b9e40) 
thrown [s\open\src\hotspot\share\prims\jni.cpp, line 520]
Event: 1.852 Thread 0x000001df5c71f840 Exception <a 'java/io/FileNotFoundException'{0x00000000eb9ba970}> (0x00000000eb9ba970) 
thrown [s\open\src\hotspot\share\prims\jni.cpp, line 520]
Event: 1.862 Thread 0x000001df5c71f840 Implicit null exception at 0x000001df6e8acf24 to 0x000001df6e8ad4ec
Event: 1.871 Thread 0x000001df5c71f840 Exception <a 'java/io/FileNotFoundException'{0x00000000eb9eff48}> (0x00000000eb9eff48) 
thrown [s\open\src\hotspot\share\prims\jni.cpp, line 520]

ZGC Phase Switch (0 events):
No events

VM Operations (10 events):
Event: 0.184 Executing VM operation: HandshakeAllThreads (Deoptimize)
Event: 0.184 Executing VM operation: HandshakeAllThreads (Deoptimize) done
Event: 0.341 Executing VM operation: HandshakeAllThreads (Deoptimize)
Event: 0.341 Executing VM operation: HandshakeAllThreads (Deoptimize) done
Event: 1.340 Executing VM operation: Cleanup
Event: 1.341 Executing VM operation: Cleanup done
Event: 1.704 Executing VM operation: HandshakeAllThreads (Deoptimize)
Event: 1.704 Executing VM operation: HandshakeAllThreads (Deoptimize) done
Event: 1.741 Executing VM operation: HandshakeAllThreads (Deoptimize)
Event: 1.741 Executing VM operation: HandshakeAllThreads (Deoptimize) done

Events (14 events):
Event: 0.040 Thread 0x000001df5c71f840 Thread added: 0x000001df5c71f840
Event: 0.081 Thread 0x000001df77efddc0 Thread added: 0x000001df77efddc0
Event: 0.082 Thread 0x000001df77f02920 Thread added: 0x000001df77f02920
Event: 0.082 Thread 0x000001df77f048c0 Thread added: 0x000001df77f048c0
Event: 0.083 Thread 0x000001df77f057e0 Thread added: 0x000001df77f057e0
Event: 0.083 Thread 0x000001df77f06700 Thread added: 0x000001df77f06700
Event: 0.083 Thread 0x000001df77f0a580 Thread added: 0x000001df77f0a580
Event: 0.083 Thread 0x000001df77f0f3e0 Thread added: 0x000001df77f0f3e0
Event: 0.098 Thread 0x000001df77f804d0 Thread added: 0x000001df77f804d0
Event: 0.158 Thread 0x000001df5e9d96b0 Thread added: 0x000001df5e9d96b0
Event: 0.918 Thread 0x000001df7d2a8430 Thread added: 0x000001df7d2a8430
Event: 0.937 Thread 0x000001df7d2a5200 Thread added: 0x000001df7d2a5200
Event: 1.628 Thread 0x000001df7d2a5200 Thread exited: 0x000001df7d2a5200
Event: 1.723 Thread 0x000001df7d2a5200 Thread added: 0x000001df7d2a5200


Dynamic libraries:
0x00007ff7d7d20000 - 0x00007ff7d7d30000 	C:\Program Files\Java\jdk-21\bin\java.exe
0x00007ff99e950000 - 0x00007ff99eb48000 	C:\Windows\SYSTEM32\ntdll.dll
0x00007ff99e0a0000 - 0x00007ff99e161000 	C:\Windows\System32\KERNEL32.DLL
0x00007ff99c080000 - 0x00007ff99c37d000 	C:\Windows\System32\KERNELBASE.dll
0x00007ff99c540000 - 0x00007ff99c640000 	C:\Windows\System32\ucrtbase.dll
0x00007ff9964f0000 - 0x00007ff996509000 	C:\Program Files\Java\jdk-21\bin\jli.dll
0x00007ff99de70000 - 0x00007ff99df20000 	C:\Windows\System32\ADVAPI32.dll
0x00007ff99e810000 - 0x00007ff99e8ae000 	C:\Windows\System32\msvcrt.dll
0x00007ff99d0f0000 - 0x00007ff99d190000 	C:\Windows\System32\sechost.dll
0x00007ff99e6e0000 - 0x00007ff99e803000 	C:\Windows\System32\RPCRT4.dll
0x00007ff99c810000 - 0x00007ff99c837000 	C:\Windows\System32\bcrypt.dll
0x00007ff99d430000 - 0x00007ff99d5cd000 	C:\Windows\System32\USER32.dll
0x00007ff99c050000 - 0x00007ff99c072000 	C:\Windows\System32\win32u.dll
0x00007ff99e6b0000 - 0x00007ff99e6db000 	C:\Windows\System32\GDI32.dll
0x00007ff99c420000 - 0x00007ff99c537000 	C:\Windows\System32\gdi32full.dll
0x00007ff99c380000 - 0x00007ff99c41d000 	C:\Windows\System32\msvcp_win.dll
0x00007ff995eb0000 - 0x00007ff995ecb000 	C:\Program Files\Java\jdk-21\bin\VCRUNTIME140.dll
0x00007ff988dd0000 - 0x00007ff98906a000 	C:\Windows\WinSxS\amd64_microsoft.windows.common-controls_6595b64144ccf1df_6.0.19041.4355_none_60b8b9eb71f62e16\COMCTL32.dll
0x00007ff99bab0000 - 0x00007ff99baba000 	C:\Windows\SYSTEM32\VERSION.dll
0x00007ff99d2b0000 - 0x00007ff99d2df000 	C:\Windows\System32\IMM32.DLL
0x0000000063520000 - 0x000000006352c000 	C:\Program Files (x86)\360\Total Security\safemon\SafeWrapper.dll
0x00007ff920ff0000 - 0x00007ff921082000 	C:\Program Files (x86)\360\Total Security\safemon\libzdtp64.dll
0x00007ff99d5d0000 - 0x00007ff99dd3f000 	C:\Windows\System32\SHELL32.dll
0x00007ff99e8b0000 - 0x00007ff99e905000 	C:\Windows\System32\SHLWAPI.dll
0x00007ff9964e0000 - 0x00007ff9964ec000 	C:\Program Files\Java\jdk-21\bin\vcruntime140_1.dll
0x00007ff96a870000 - 0x00007ff96a8fe000 	C:\Program Files\Java\jdk-21\bin\msvcp140.dll
0x00007ff910210000 - 0x00007ff910f25000 	C:\Program Files\Java\jdk-21\bin\server\jvm.dll
0x00007ff99d3c0000 - 0x00007ff99d42b000 	C:\Windows\System32\WS2_32.dll
0x00007ff99be60000 - 0x00007ff99beab000 	C:\Windows\SYSTEM32\POWRPROF.dll
0x00007ff9811c0000 - 0x00007ff9811e7000 	C:\Windows\SYSTEM32\WINMM.dll
0x00007ff99be40000 - 0x00007ff99be52000 	C:\Windows\SYSTEM32\UMPDC.dll
0x00007ff99a770000 - 0x00007ff99a782000 	C:\Windows\SYSTEM32\kernel.appcore.dll
0x00007ff9959a0000 - 0x00007ff9959aa000 	C:\Program Files\Java\jdk-21\bin\jimage.dll
0x00007ff99a440000 - 0x00007ff99a624000 	C:\Windows\SYSTEM32\DBGHELP.DLL
0x00007ff986770000 - 0x00007ff9867a4000 	C:\Windows\SYSTEM32\dbgcore.DLL
0x00007ff99c840000 - 0x00007ff99c8c2000 	C:\Windows\System32\bcryptPrimitives.dll
0x00007ff995990000 - 0x00007ff99599f000 	C:\Program Files\Java\jdk-21\bin\instrument.dll
0x00007ff994ba0000 - 0x00007ff994bbf000 	C:\Program Files\Java\jdk-21\bin\java.dll
0x00007ff999bc0000 - 0x00007ff99a363000 	C:\Windows\SYSTEM32\windows.storage.dll
0x00007ff99cd90000 - 0x00007ff99d0e3000 	C:\Windows\System32\combase.dll
0x00007ff99b8f0000 - 0x00007ff99b91e000 	C:\Windows\SYSTEM32\Wldp.dll
0x00007ff99dfd0000 - 0x00007ff99e09d000 	C:\Windows\System32\OLEAUT32.dll
0x00007ff99e600000 - 0x00007ff99e6ad000 	C:\Windows\System32\SHCORE.dll
0x00007ff99bf30000 - 0x00007ff99bf54000 	C:\Windows\SYSTEM32\profapi.dll
0x00007ff965960000 - 0x00007ff965a37000 	C:\Program Files\Java\jdk-21\bin\jsvml.dll
0x00007ff994b20000 - 0x00007ff994b38000 	C:\Program Files\Java\jdk-21\bin\zip.dll
0x00007ff994b90000 - 0x00007ff994ba0000 	C:\Program Files\Java\jdk-21\bin\net.dll
0x00007ff990300000 - 0x00007ff99040d000 	C:\Windows\SYSTEM32\WINHTTP.dll
0x00007ff99b610000 - 0x00007ff99b67a000 	C:\Windows\system32\mswsock.dll
0x00007ff9946d0000 - 0x00007ff9946e6000 	C:\Program Files\Java\jdk-21\bin\nio.dll
0x00007ff994b10000 - 0x00007ff994b20000 	C:\Program Files\Java\jdk-21\bin\verify.dll

dbghelp: loaded successfully - version: 4.0.5 - missing functions: none
symbol engine: initialized successfully - sym options: 0x614 - pdb path: .;C:\Program Files\Java\jdk-21\bin;C:\Windows\SYSTEM32;C:\Windows\WinSxS\amd64_microsoft.windows.common-controls_6595b64144ccf1df_6.0.19041.4355_none_60b8b9eb71f62e16;C:\Program Files (x86)\360\Total Security\safemon;C:\Program Files\Java\jdk-21\bin\server

VM Arguments:
jvm_args: --add-modules=ALL-SYSTEM --add-opens=java.base/java.util=ALL-UNNAMED --add-opens=java.base/java.lang=ALL-UNNAMED --add-opens=java.base/sun.nio.fs=ALL-UNNAMED -Declipse.application=org.eclipse.jdt.ls.core.id1 -Dosgi.bundles.defaultStartLevel=4 -Declipse.product=org.eclipse.jdt.ls.core.product -Djava.import.generatesMetadataFilesAtProjectRoot=true -DDetectVMInstallationsJob.disabled=true -Dfile.encoding=utf8 -XX:+UseParallelGC -XX:GCTimeRatio=4 -XX:AdaptiveSizePolicyWeight=90 -Dsun.zip.disableMemoryMapping=true -Xmx1G -Xms100m -Xlog:disable -javaagent:c:\Users\dell\.vscode\extensions\redhat.java-1.28.1-win32-x64\lombok\lombok-1.18.31.jar 
java_command: c:\Users\dell\.vscode\extensions\redhat.java-1.28.1-win32-x64\server\plugins\org.eclipse.equinox.launcher_1.6.700.v20231214-2017.jar -configuration c:\Users\dell\AppData\Roaming\Code\User\globalStorage\redhat.java\1.28.1\config_ss_win -data c:\Users\dell\AppData\Roaming\Code\User\workspaceStorage\e616488c58e24c81e14793c0835c84d8\redhat.java\ss_ws --stdio
java_class_path (initial): c:\Users\dell\.vscode\extensions\redhat.java-1.28.1-win32-x64\server\plugins\org.eclipse.equinox.launcher_1.6.700.v20231214-2017.jar
Launcher Type: SUN_STANDARD

[Global flags]
    uintx AdaptiveSizePolicyWeight                 = 90                                        {product} {command line}
     intx CICompilerCount                          = 3                                         {product} {ergonomic}
    uintx GCTimeRatio                              = 4                                         {product} {command line}
   size_t InitialHeapSize                          = 104857600                                 {product} {command line}
   size_t MaxHeapSize                              = 1073741824                                {product} {command line}
   size_t MaxNewSize                               = 357564416                                 {product} {ergonomic}
   size_t MinHeapDeltaBytes                        = 524288                                    {product} {ergonomic}
   size_t MinHeapSize                              = 104857600                                 {product} {command line}
   size_t NewSize                                  = 34603008                                  {product} {ergonomic}
    uintx NonNMethodCodeHeapSize                   = 5832780                                {pd product} {ergonomic}
    uintx NonProfiledCodeHeapSize                  = 122912730                              {pd product} {ergonomic}
   size_t OldSize                                  = 70254592                                  {product} {ergonomic}
    uintx ProfiledCodeHeapSize                     = 122912730                              {pd product} {ergonomic}
    uintx ReservedCodeCacheSize                    = 251658240                              {pd product} {ergonomic}
     bool SegmentedCodeCache                       = true                                      {product} {ergonomic}
   size_t SoftMaxHeapSize                          = 1073741824                             {manageable} {ergonomic}
     bool UseCompressedOops                        = true                           {product lp64_product} {ergonomic}
     bool UseLargePagesIndividualAllocation        = false                                  {pd product} {ergonomic}
     bool UseParallelGC                            = true                                      {product} {command line}

Logging:
Log output configuration:
 #0: stdout all=off uptime,level,tags foldmultilines=false
 #1: stderr all=off uptime,level,tags foldmultilines=false

Environment Variables:
PATH=C:\Program Files\Common Files\Oracle\Java\javapath;C:\Program Files (x86)\Common Files\Oracle\Java\java8path;C:\Program Files (x86)\Common Files\Oracle\Java\javapath;C:\Windows\system32;C:\Windows;C:\Windows\System32\Wbem;C:\Windows\System32\WindowsPowerShell\v1.0\;C:\Windows\System32\OpenSSH\;C:\MinGW\bin;C:\Program Files\dotnet\;C:\Program Files\nodejs\;C:\Program Files\Docker\Docker\resources\bin;C:\Xampp\mysql\bin;D:\Git\cmd;C:\Users\dell\AppData\Local\Programs\Python\Python312\Scripts\;C:\Users\dell\AppData\Local\Programs\Python\Python312\;C:\Program Files\MySQL\MySQL Shell 8.0\bin\;C:\Users\dell\AppData\Local\Microsoft\WindowsApps;D:\data\Microsoft VS Code\Microsoft VS Code\bin;D:\IntelliJ IDEA 2023.3.2\bin;;C:\Users\dell\AppData\Local\Programs\Microsoft VS Code\bin;C:\flutterdev\flutter\bin;C:\Users\dell\AppData\Roaming\npm;C:\Users\dell\AppData\Local\Programs\mongosh\
USERNAME=dell
OS=Windows_NT
PROCESSOR_IDENTIFIER=Intel64 Family 6 Model 78 Stepping 3, GenuineIntel
TMP=C:\Users\dell\AppData\Local\Temp
TEMP=C:\Users\dell\AppData\Local\Temp




Periodic native trim disabled

---------------  S Y S T E M  ---------------

OS:
 Windows 10 , 64 bit Build 19041 (10.0.19041.4842)
OS uptime: 0 days 21:52 hours
Hyper-V role detected

CPU: total 4 (initial active 4) (2 cores per cpu, 2 threads per core) family 6 model 78 stepping 3 microcode 0xf0, cx8, cmov, fxsr, ht, mmx, 3dnowpref, sse, sse2, sse3, ssse3, sse4.1, sse4.2, popcnt, lzcnt, tsc, tscinvbit, avx, avx2, aes, erms, clmul, bmi1, bmi2, rtm, adx, fma, vzeroupper, clflush, clflushopt, hv, rdtscp, f16c
Processor Information for all 4 processors :
  Max Mhz: 2501, Current Mhz: 2501, Mhz Limit: 2501

Memory: 4k page, system-wide physical 16275M (3403M free)
TotalPageFile size 16275M (AvailPageFile size 3M)
current process WorkingSet (physical memory assigned to process): 64M, peak: 64M
current process commit charge ("private bytes"): 186M, peak: 189M

vm_info: Java HotSpot(TM) 64-Bit Server VM (21.0.1+12-LTS-29) for windows-amd64 JRE (21.0.1+12-LTS-29), built on 2023-10-05T13:27:09Z by "mach5one" with MS VC++ 17.1 (VS2022)

END.
