#
# There is insufficient memory for the Java Runtime Environment to continue.
# Native memory allocation (mmap) failed to map 65536 bytes for Failed to commit metaspace.
# Possible reasons:
#   The system is out of physical RAM or swap space
#   The process is running with CompressedOops enabled, and the Java Heap may be blocking the growth of the native heap
# Possible solutions:
#   Reduce memory load on the system
#   Increase physical memory or swap space
#   Check if swap backing store is full
#   Decrease Java heap size (-Xmx/-Xms)
#   Decrease number of Java threads
#   Decrease Java thread stack sizes (-Xss)
#   Set larger code cache with -XX:ReservedCodeCacheSize=
#   JVM is running with Unscaled Compressed Oops mode in which the Java heap is
#     placed in the first 4GB address space. The Java Heap base address is the
#     maximum limit for the native heap growth. Please use -XX:HeapBaseMinAddress
#     to set the Java Heap base and to place the Java Heap above 4GB virtual address.
# This output file may be truncated or incomplete.
#
#  Out of Memory Error (virtualSpaceNode.cpp:112), pid=3544, tid=7068
#
# JRE version:  (21.0.1+12) (build )
# Java VM: Java HotSpot(TM) 64-Bit Server VM (21.0.1+12-LTS-29, mixed mode, tiered, compressed oops, compressed class ptrs, parallel gc, windows-amd64)
# No core dump will be written. Minidumps are not enabled by default on client versions of Windows
#

---------------  S U M M A R Y ------------

Command Line: --add-modules=ALL-SYSTEM --add-opens=java.base/java.util=ALL-UNNAMED --add-opens=java.base/java.lang=ALL-UNNAMED --add-opens=java.base/sun.nio.fs=ALL-UNNAMED -Declipse.application=org.eclipse.jdt.ls.core.id1 -Dosgi.bundles.defaultStartLevel=4 -Declipse.product=org.eclipse.jdt.ls.core.product -Djava.import.generatesMetadataFilesAtProjectRoot=true -DDetectVMInstallationsJob.disabled=true -Dfile.encoding=utf8 -XX:+UseParallelGC -XX:GCTimeRatio=4 -XX:AdaptiveSizePolicyWeight=90 -Dsun.zip.disableMemoryMapping=true -Xmx1G -Xms100m -Xlog:disable -javaagent:c:\Users\dell\.vscode\extensions\redhat.java-1.28.1-win32-x64\lombok\lombok-1.18.31.jar c:\Users\dell\.vscode\extensions\redhat.java-1.28.1-win32-x64\server\plugins\org.eclipse.equinox.launcher_1.6.700.v20231214-2017.jar -configuration c:\Users\dell\AppData\Roaming\Code\User\globalStorage\redhat.java\1.28.1\config_ss_win -data c:\Users\dell\AppData\Roaming\Code\User\workspaceStorage\e616488c58e24c81e14793c0835c84d8\redhat.java\ss_ws --stdio

Host: Intel(R) Core(TM) i5-6300U CPU @ 2.40GHz, 4 cores, 15G,  Windows 10 , 64 bit Build 19041 (10.0.19041.4842)
Time: Thu Oct  3 01:47:31 2024 India Standard Time elapsed time: 0.094329 seconds (0d 0h 0m 0s)

---------------  T H R E A D  ---------------

Current thread (0x000001c6589adfc0):  JavaThread "Unknown thread" [_thread_in_vm, id=7068, stack(0x0000007617000000,0x0000007617100000) (1024K)]

Stack: [0x0000007617000000,0x0000007617100000]
Native frames: (J=compiled Java code, j=interpreted, Vv=VM code, C=native code)
V  [jvm.dll+0x6c9029]
V  [jvm.dll+0x854b81]
V  [jvm.dll+0x856e5e]
V  [jvm.dll+0x857543]
V  [jvm.dll+0x280c06]
V  [jvm.dll+0x8508ae]
V  [jvm.dll+0x66ca45]
V  [jvm.dll+0x66caaa]
V  [jvm.dll+0x66f2a6]
V  [jvm.dll+0x66f172]
V  [jvm.dll+0x66d41e]
V  [jvm.dll+0x26b791]
V  [jvm.dll+0x217b13]
V  [jvm.dll+0x217f95]
V  [jvm.dll+0x2189b1]
V  [jvm.dll+0x20dc4e]
V  [jvm.dll+0x5ac6dc]
V  [jvm.dll+0x21f67a]
V  [jvm.dll+0x7ccde1]
V  [jvm.dll+0x7cde45]
V  [jvm.dll+0x7ce3ef]
V  [jvm.dll+0x7ce098]
V  [jvm.dll+0x852ba3]
V  [jvm.dll+0x85294a]
V  [jvm.dll+0x81b898]
V  [jvm.dll+0x81d09d]
V  [jvm.dll+0x3bb419]
V  [jvm.dll+0x805be8]
V  [jvm.dll+0x44effe]
V  [jvm.dll+0x450901]
C  [jli.dll+0x52a3]
C  [ucrtbase.dll+0x21bb2]
C  [KERNEL32.DLL+0x17374]
C  [ntdll.dll+0x4cc91]


---------------  P R O C E S S  ---------------

Threads class SMR info:
_java_thread_list=0x000001c658b25390, length=1, elements={
0x000001c6589adfc0
}

Java Threads: ( => current thread )
=>0x000001c6589adfc0 JavaThread "Unknown thread"             [_thread_in_vm, id=7068, stack(0x0000007617000000,0x0000007617100000) (1024K)]
Total: 1

Other Threads:
  0x000001c6000dcb20 WatcherThread "VM Periodic Task Thread"        [id=4852, stack(0x0000007617200000,0x0000007617300000) (1024K)]
  0x000001c658ad9330 WorkerThread "GC Thread#0"                     [id=3996, stack(0x0000007617100000,0x0000007617200000) (1024K)]
Total: 2

Threads with active compile tasks:
Total: 0

VM state: not at safepoint (not fully initialized)

VM Mutex/Monitor currently owned by a thread:  ([mutex/lock_event])
[0x00007ffda2368578] Metaspace_lock - owner thread: 0x000001c6589adfc0

Heap address: 0x00000000c0000000, size: 1024 MB, Compressed Oops mode: 32-bit

CDS archive(s) not mapped
Compressed class space mapped at: 0x0000000100000000-0x0000000140000000, reserved size: 1073741824
Narrow klass base: 0x0000000000000000, Narrow klass shift: 3, Narrow klass range: 0x140000000

GC Precious Log:
 CardTable entry size: 512
 CPUs: 4 total, 4 available
 Memory: 16275M
 Large Page Support: Disabled
 NUMA Support: Disabled
 Compressed Oops: Enabled (32-bit)
 Alignments: Space 512K, Generation 512K, Heap 2M
 Heap Min Capacity: 100M
 Heap Initial Capacity: 100M
 Heap Max Capacity: 1G
 Pre-touch: Disabled
 Parallel Workers: 4

Heap:
 PSYoungGen      total 29696K, used 512K [0x00000000eab00000, 0x00000000ecc00000, 0x0000000100000000)
  eden space 25600K, 2% used [0x00000000eab00000,0x00000000eab80070,0x00000000ec400000)
  from space 4096K, 0% used [0x00000000ec800000,0x00000000ec800000,0x00000000ecc00000)
  to   space 4096K, 0% used [0x00000000ec400000,0x00000000ec400000,0x00000000ec800000)
 ParOldGen       total 68608K, used 0K [0x00000000c0000000, 0x00000000c4300000, 0x00000000eab00000)
  object space 68608K, 0% used [0x00000000c0000000,0x00000000c0000000,0x00000000c4300000)
 Metaspace       used 418K, committed 448K, reserved 1114112K
  class space    used 34K, committed 64K, reserved 1048576K

Card table byte_map: [0x000001c6718e0000,0x000001c671af0000] _byte_map_base: 0x000001c6712e0000

Marking Bits: (ParMarkBitMap*) 0x00007ffda236f550
 Begin Bits: [0x000001c671c50000, 0x000001c672c50000)
 End Bits:   [0x000001c672c50000, 0x000001c673c50000)

GC Heap History (0 events):
No events

Dll operation events (1 events):
Event: 0.012 Loaded shared library C:\Program Files\Java\jdk-21\bin\java.dll

Deoptimization events (0 events):
No events

Classes loaded (20 events):
Event: 0.085 Loading class java/lang/ref/Finalizer done
Event: 0.085 Loading class java/lang/Thread
Event: 0.086 Loading class java/lang/Runnable
Event: 0.086 Loading class java/lang/Runnable done
Event: 0.087 Loading class java/lang/Thread done
Event: 0.087 Loading class java/lang/Thread$FieldHolder
Event: 0.087 Loading class java/lang/Thread$FieldHolder done
Event: 0.087 Loading class java/lang/Thread$Constants
Event: 0.087 Loading class java/lang/Thread$Constants done
Event: 0.087 Loading class java/lang/ThreadGroup
Event: 0.088 Loading class java/lang/Thread$UncaughtExceptionHandler
Event: 0.088 Loading class java/lang/Thread$UncaughtExceptionHandler done
Event: 0.088 Loading class java/lang/ThreadGroup done
Event: 0.088 Loading class java/lang/BaseVirtualThread
Event: 0.088 Loading class java/lang/BaseVirtualThread done
Event: 0.088 Loading class java/lang/VirtualThread
Event: 0.089 Loading class java/lang/VirtualThread done
Event: 0.089 Loading class java/lang/ThreadBuilders$BoundVirtualThread
Event: 0.089 Loading class java/lang/ThreadBuilders$BoundVirtualThread done
Event: 0.089 Loading class java/util/Properties

Classes unloaded (0 events):
No events

Classes redefined (0 events):
No events

Internal exceptions (0 events):
No events

ZGC Phase Switch (0 events):
No events

VM Operations (0 events):
No events

Events (1 events):
Event: 0.030 Thread 0x000001c6589adfc0 Thread added: 0x000001c6589adfc0


Dynamic libraries:
0x00007ff785130000 - 0x00007ff785140000 	C:\Program Files\Java\jdk-21\bin\java.exe
0x00007ffe30350000 - 0x00007ffe30548000 	C:\Windows\SYSTEM32\ntdll.dll
0x00007ffe2f040000 - 0x00007ffe2f101000 	C:\Windows\System32\KERNEL32.DLL
0x00007ffe2e080000 - 0x00007ffe2e37d000 	C:\Windows\System32\KERNELBASE.dll
0x00007ffe2dbf0000 - 0x00007ffe2dcf0000 	C:\Windows\System32\ucrtbase.dll
0x00007ffe289e0000 - 0x00007ffe289f9000 	C:\Program Files\Java\jdk-21\bin\jli.dll
0x00007ffe2ef90000 - 0x00007ffe2f040000 	C:\Windows\System32\ADVAPI32.dll
0x00007ffe2ee10000 - 0x00007ffe2eeae000 	C:\Windows\System32\msvcrt.dll
0x00007ffe2e9b0000 - 0x00007ffe2ea50000 	C:\Windows\System32\sechost.dll
0x00007ffe2ff80000 - 0x00007ffe300a3000 	C:\Windows\System32\RPCRT4.dll
0x00007ffe2dfe0000 - 0x00007ffe2e007000 	C:\Windows\System32\bcrypt.dll
0x00007ffe30110000 - 0x00007ffe302ad000 	C:\Windows\System32\USER32.dll
0x00007ffe2ddf0000 - 0x00007ffe2de12000 	C:\Windows\System32\win32u.dll
0x00007ffe2ede0000 - 0x00007ffe2ee0b000 	C:\Windows\System32\GDI32.dll
0x00007ffe2dec0000 - 0x00007ffe2dfd7000 	C:\Windows\System32\gdi32full.dll
0x00007ffe2de20000 - 0x00007ffe2debd000 	C:\Windows\System32\msvcp_win.dll
0x00007ffe26340000 - 0x00007ffe2635b000 	C:\Program Files\Java\jdk-21\bin\VCRUNTIME140.dll
0x00007ffe19b70000 - 0x00007ffe19e0a000 	C:\Windows\WinSxS\amd64_microsoft.windows.common-controls_6595b64144ccf1df_6.0.19041.4355_none_60b8b9eb71f62e16\COMCTL32.dll
0x00007ffe2d4b0000 - 0x00007ffe2d4ba000 	C:\Windows\SYSTEM32\VERSION.dll
0x00007ffe2ec00000 - 0x00007ffe2ec2f000 	C:\Windows\System32\IMM32.DLL
0x0000000069800000 - 0x000000006980c000 	C:\Program Files (x86)\360\Total Security\safemon\SafeWrapper.dll
0x00007ffdaa760000 - 0x00007ffdaa7f2000 	C:\Program Files (x86)\360\Total Security\safemon\libzdtp64.dll
0x00007ffe2f390000 - 0x00007ffe2faff000 	C:\Windows\System32\SHELL32.dll
0x00007ffe2f240000 - 0x00007ffe2f295000 	C:\Windows\System32\SHLWAPI.dll
0x00007ffe29da0000 - 0x00007ffe29dac000 	C:\Program Files\Java\jdk-21\bin\vcruntime140_1.dll
0x00007ffde7360000 - 0x00007ffde73ee000 	C:\Program Files\Java\jdk-21\bin\msvcp140.dll
0x00007ffda1730000 - 0x00007ffda2445000 	C:\Program Files\Java\jdk-21\bin\server\jvm.dll
0x00007ffe2ed60000 - 0x00007ffe2edcb000 	C:\Windows\System32\WS2_32.dll
0x00007ffe2d860000 - 0x00007ffe2d8ab000 	C:\Windows\SYSTEM32\POWRPROF.dll
0x00007ffe14290000 - 0x00007ffe142b7000 	C:\Windows\SYSTEM32\WINMM.dll
0x00007ffe2d840000 - 0x00007ffe2d852000 	C:\Windows\SYSTEM32\UMPDC.dll
0x00007ffe2c170000 - 0x00007ffe2c182000 	C:\Windows\SYSTEM32\kernel.appcore.dll
0x00007ffe28c50000 - 0x00007ffe28c5a000 	C:\Program Files\Java\jdk-21\bin\jimage.dll
0x00007ffe2be40000 - 0x00007ffe2c024000 	C:\Windows\SYSTEM32\DBGHELP.DLL
0x00007ffe17650000 - 0x00007ffe17684000 	C:\Windows\SYSTEM32\dbgcore.DLL
0x00007ffe2db60000 - 0x00007ffe2dbe2000 	C:\Windows\System32\bcryptPrimitives.dll
0x00007ffe26330000 - 0x00007ffe2633f000 	C:\Program Files\Java\jdk-21\bin\instrument.dll
0x00007ffe26310000 - 0x00007ffe2632f000 	C:\Program Files\Java\jdk-21\bin\java.dll

dbghelp: loaded successfully - version: 4.0.5 - missing functions: none
symbol engine: initialized successfully - sym options: 0x614 - pdb path: .;C:\Program Files\Java\jdk-21\bin;C:\Windows\SYSTEM32;C:\Windows\WinSxS\amd64_microsoft.windows.common-controls_6595b64144ccf1df_6.0.19041.4355_none_60b8b9eb71f62e16;C:\Program Files (x86)\360\Total Security\safemon;C:\Program Files\Java\jdk-21\bin\server

VM Arguments:
jvm_args: --add-modules=ALL-SYSTEM --add-opens=java.base/java.util=ALL-UNNAMED --add-opens=java.base/java.lang=ALL-UNNAMED --add-opens=java.base/sun.nio.fs=ALL-UNNAMED -Declipse.application=org.eclipse.jdt.ls.core.id1 -Dosgi.bundles.defaultStartLevel=4 -Declipse.product=org.eclipse.jdt.ls.core.product -Djava.import.generatesMetadataFilesAtProjectRoot=true -DDetectVMInstallationsJob.disabled=true -Dfile.encoding=utf8 -XX:+UseParallelGC -XX:GCTimeRatio=4 -XX:AdaptiveSizePolicyWeight=90 -Dsun.zip.disableMemoryMapping=true -Xmx1G -Xms100m -Xlog:disable -javaagent:c:\Users\dell\.vscode\extensions\redhat.java-1.28.1-win32-x64\lombok\lombok-1.18.31.jar 
java_command: c:\Users\dell\.vscode\extensions\redhat.java-1.28.1-win32-x64\server\plugins\org.eclipse.equinox.launcher_1.6.700.v20231214-2017.jar -configuration c:\Users\dell\AppData\Roaming\Code\User\globalStorage\redhat.java\1.28.1\config_ss_win -data c:\Users\dell\AppData\Roaming\Code\User\workspaceStorage\e616488c58e24c81e14793c0835c84d8\redhat.java\ss_ws --stdio
java_class_path (initial): c:\Users\dell\.vscode\extensions\redhat.java-1.28.1-win32-x64\server\plugins\org.eclipse.equinox.launcher_1.6.700.v20231214-2017.jar
Launcher Type: SUN_STANDARD

[Global flags]
    uintx AdaptiveSizePolicyWeight                 = 90                                        {product} {command line}
     intx CICompilerCount                          = 3                                         {product} {ergonomic}
    uintx GCTimeRatio                              = 4                                         {product} {command line}
   size_t InitialHeapSize                          = 104857600                                 {product} {command line}
   size_t MaxHeapSize                              = 1073741824                                {product} {command line}
   size_t MaxNewSize                               = 357564416                                 {product} {ergonomic}
   size_t MinHeapDeltaBytes                        = 524288                                    {product} {ergonomic}
   size_t MinHeapSize                              = 104857600                                 {product} {command line}
   size_t NewSize                                  = 34603008                                  {product} {ergonomic}
    uintx NonNMethodCodeHeapSize                   = 5832780                                {pd product} {ergonomic}
    uintx NonProfiledCodeHeapSize                  = 122912730                              {pd product} {ergonomic}
   size_t OldSize                                  = 70254592                                  {product} {ergonomic}
    uintx ProfiledCodeHeapSize                     = 122912730                              {pd product} {ergonomic}
    uintx ReservedCodeCacheSize                    = 251658240                              {pd product} {ergonomic}
     bool SegmentedCodeCache                       = true                                      {product} {ergonomic}
   size_t SoftMaxHeapSize                          = 1073741824                             {manageable} {ergonomic}
     bool UseCompressedOops                        = true                           {product lp64_product} {ergonomic}
     bool UseLargePagesIndividualAllocation        = false                                  {pd product} {ergonomic}
     bool UseParallelGC                            = true                                      {product} {command line}

Logging:
Log output configuration:
 #0: stdout all=off uptime,level,tags foldmultilines=false
 #1: stderr all=off uptime,level,tags foldmultilines=false

Environment Variables:
PATH=C:\Program Files\Common Files\Oracle\Java\javapath;C:\Program Files (x86)\Common Files\Oracle\Java\java8path;C:\Program Files (x86)\Common Files\Oracle\Java\javapath;C:\Windows\system32;C:\Windows;C:\Windows\System32\Wbem;C:\Windows\System32\WindowsPowerShell\v1.0\;C:\Windows\System32\OpenSSH\;C:\MinGW\bin;C:\Program Files\dotnet\;C:\Program Files\nodejs\;C:\Program Files\Docker\Docker\resources\bin;C:\Xampp\mysql\bin;D:\Git\cmd;C:\Program Files\MySQL\MySQL Shell 8.0\bin\;C:\Users\dell\AppData\Local\Microsoft\WindowsApps;D:\data\Microsoft VS Code\Microsoft VS Code\bin;D:\IntelliJ IDEA 2023.3.2\bin;;C:\Users\dell\AppData\Local\Programs\Microsoft VS Code\bin;C:\flutterdev\flutter\bin;C:\Users\dell\AppData\Roaming\npm;C:\Users\dell\AppData\Local\Programs\mongosh\
USERNAME=dell
OS=Windows_NT
PROCESSOR_IDENTIFIER=Intel64 Family 6 Model 78 Stepping 3, GenuineIntel
TMP=C:\Users\dell\AppData\Local\Temp
TEMP=C:\Users\dell\AppData\Local\Temp




Periodic native trim disabled

---------------  S Y S T E M  ---------------

OS:
 Windows 10 , 64 bit Build 19041 (10.0.19041.4842)
OS uptime: 0 days 11:29 hours
Hyper-V role detected

CPU: total 4 (initial active 4) (2 cores per cpu, 2 threads per core) family 6 model 78 stepping 3 microcode 0xf0, cx8, cmov, fxsr, ht, mmx, 3dnowpref, sse, sse2, sse3, ssse3, sse4.1, sse4.2, popcnt, lzcnt, tsc, tscinvbit, avx, avx2, aes, erms, clmul, bmi1, bmi2, rtm, adx, fma, vzeroupper, clflush, clflushopt, hv, rdtscp, f16c
Processor Information for all 4 processors :
  Max Mhz: 2501, Current Mhz: 2501, Mhz Limit: 2501

Memory: 4k page, system-wide physical 16275M (3224M free)
TotalPageFile size 16275M (AvailPageFile size 258M)
current process WorkingSet (physical memory assigned to process): 14M, peak: 14M
current process commit charge ("private bytes"): 147M, peak: 150M

vm_info: Java HotSpot(TM) 64-Bit Server VM (21.0.1+12-LTS-29) for windows-amd64 JRE (21.0.1+12-LTS-29), built on 2023-10-05T13:27:09Z by "mach5one" with MS VC++ 17.1 (VS2022)

END.
